Log file open, 03/23/20 15:41:56
LogWindows: Failed to load 'aqProf.dll' (GetLastError=126)
LogWindows: File 'aqProf.dll' does not exist
LogWindows: Failed to load 'VtuneApi.dll' (GetLastError=126)
LogWindows: File 'VtuneApi.dll' does not exist
LogWindows: Failed to load 'VtuneApi32e.dll' (GetLastError=126)
LogWindows: File 'VtuneApi32e.dll' does not exist
LogConsoleResponse: Display: Failed to find resolution value strings in scalability ini. Falling back to default.
LogInit: Display: Running engine for game: ArcadeBattleRoyale
LogPlatformFile: Not using cached read wrapper
LogTaskGraph: Started task graph with 5 named threads and 23 total threads with 3 sets of task threads.
LogStats: Stats thread started at 0.325766
LogD3D11RHI: Loaded GFSDK_Aftermath_Lib.x64.dll
LogICUInternationalization: ICU TimeZone Detection - Raw Offset: +1:00, Platform Override: ''
LogPluginManager: Mounting plugin Paper2D
LogPluginManager: Mounting plugin AISupport
LogPluginManager: Mounting plugin LightPropagationVolume
LogPluginManager: Mounting plugin ActorLayerUtilities
LogPluginManager: Mounting plugin AnimationSharing
LogPluginManager: Mounting plugin CLionSourceCodeAccess
LogPluginManager: Mounting plugin CodeLiteSourceCodeAccess
LogPluginManager: Mounting plugin GitSourceControl
LogPluginManager: Mounting plugin KDevelopSourceCodeAccess
LogPluginManager: Mounting plugin NullSourceCodeAccess
LogPluginManager: Mounting plugin PerforceSourceControl
LogPluginManager: Mounting plugin PlasticSourceControl
LogPluginManager: Mounting plugin SubversionSourceControl
LogPluginManager: Mounting plugin UObjectPlugin
LogPluginManager: Mounting plugin VisualStudioCodeSourceCodeAccess
LogPluginManager: Mounting plugin VisualStudioSourceCodeAccess
LogPluginManager: Mounting plugin XCodeSourceCodeAccess
LogPluginManager: Mounting plugin AssetManagerEditor
LogPluginManager: Mounting plugin CryptoKeys
LogPluginManager: Mounting plugin CurveEditorTools
LogPluginManager: Mounting plugin DataValidation
LogPluginManager: Mounting plugin FacialAnimation
LogPluginManager: Mounting plugin GameplayTagsEditor
LogPluginManager: Mounting plugin MacGraphicsSwitching
LogPluginManager: Mounting plugin MaterialAnalyzer
LogPluginManager: Mounting plugin MobileLauncherProfileWizard
LogPluginManager: Mounting plugin PluginBrowser
LogPluginManager: Mounting plugin SpeedTreeImporter
LogPluginManager: Mounting plugin DatasmithContent
LogPluginManager: Mounting plugin VariantManagerContent
LogPluginManager: Mounting plugin AlembicImporter
LogPluginManager: Mounting plugin AutomationUtils
LogPluginManager: Mounting plugin BackChannel
LogPluginManager: Mounting plugin CharacterAI
LogPluginManager: Mounting plugin GeometryCache
LogPluginManager: Mounting plugin PlatformCrypto
LogPluginManager: Mounting plugin ProxyLODPlugin
LogPluginManager: Mounting plugin SkeletalReduction
LogPluginManager: Mounting plugin MagicLeap
LogPluginManager: Mounting plugin MagicLeapMedia
LogPluginManager: Mounting plugin MLSDK
LogPluginManager: Mounting plugin AndroidMedia
LogPluginManager: Mounting plugin AvfMedia
LogPluginManager: Mounting plugin ImgMedia
LogPluginManager: Mounting plugin MediaCompositing
LogPluginManager: Mounting plugin MediaPlayerEditor
LogPluginManager: Mounting plugin WebMMedia
LogPluginManager: Mounting plugin WmfMedia
LogPluginManager: Mounting plugin TcpMessaging
LogPluginManager: Mounting plugin UdpMessaging
LogPluginManager: Mounting plugin ActorSequence
LogPluginManager: Mounting plugin LevelSequenceEditor
LogPluginManager: Mounting plugin MatineeToLevelSequence
LogPluginManager: Mounting plugin NetcodeUnitTest
LogPluginManager: Mounting plugin NUTUnrealEngine4
LogPluginManager: Mounting plugin OnlineSubsystemGooglePlay
LogPluginManager: Mounting plugin OnlineSubsystemIOS
LogPluginManager: Mounting plugin OnlineSubsystem
LogPluginManager: Mounting plugin OnlineSubsystemNull
LogPluginManager: Mounting plugin OnlineSubsystemUtils
LogPluginManager: Mounting plugin LauncherChunkInstaller
LogPluginManager: Mounting plugin AndroidDeviceProfileSelector
LogPluginManager: Mounting plugin AndroidMoviePlayer
LogPluginManager: Mounting plugin AndroidPermission
LogPluginManager: Mounting plugin AppleImageUtils
LogPluginManager: Mounting plugin AppleMoviePlayer
LogPluginManager: Mounting plugin ArchVisCharacter
LogPluginManager: Mounting plugin AssetTags
LogPluginManager: Mounting plugin AudioCapture
LogPluginManager: Mounting plugin CableComponent
LogPluginManager: Mounting plugin CustomMeshComponent
LogPluginManager: Mounting plugin EditableMesh
LogPluginManager: Mounting plugin ExampleDeviceProfileSelector
LogPluginManager: Mounting plugin GoogleCloudMessaging
LogPluginManager: Mounting plugin IOSDeviceProfileSelector
LogPluginManager: Mounting plugin LinuxDeviceProfileSelector
LogPluginManager: Mounting plugin LocationServicesBPLibrary
LogPluginManager: Mounting plugin MobilePatchingUtils
LogPluginManager: Mounting plugin OculusVR
LogPluginManager: Mounting plugin PhysXVehicles
LogPluginManager: Mounting plugin PostSplashScreen
LogPluginManager: Mounting plugin ProceduralMeshComponent
LogPluginManager: Mounting plugin RuntimePhysXCooking
LogPluginManager: Mounting plugin SignificanceManager
LogPluginManager: Mounting plugin SteamVR
LogPluginManager: Mounting plugin WebMMoviePlayer
LogPluginManager: Mounting plugin WindowsMoviePlayer
LogPluginManager: Mounting plugin ScreenshotTools
LogInit: Using libcurl 7.55.1-DEV
LogInit:  - built for x86_64-pc-win32
LogInit:  - supports SSL with OpenSSL/1.1.1
LogInit:  - supports HTTP deflate (compression) using libz 1.2.8
LogInit:  - other features:
LogInit:      CURL_VERSION_SSL
LogInit:      CURL_VERSION_LIBZ
LogInit:      CURL_VERSION_IPV6
LogInit:      CURL_VERSION_ASYNCHDNS
LogInit:      CURL_VERSION_LARGEFILE
LogInit:      CURL_VERSION_IDN
LogInit:  CurlRequestOptions (configurable via config and command line):
LogInit:  - bVerifyPeer = true  - Libcurl will verify peer certificate
LogInit:  - bUseHttpProxy = false  - Libcurl will NOT use HTTP proxy
LogInit:  - bDontReuseConnections = false  - Libcurl will reuse connections
LogInit:  - MaxHostConnections = 16  - Libcurl will limit the number of connections to a host
LogInit:  - LocalHostAddr = Default
LogInit:  - BufferSize = 65536
LogOnline: OSS: Creating online subsystem instance for: NULL
LogInit: WinSock: version 1.1 (2.2), MaxSocks=32767, MaxUdp=65467
LogOnline: OSS: TryLoadSubsystemAndSetDefault: Loaded subsystem for module [NULL]
LogInit: Build: ++UE4+Release-4.24-CL-11590370
LogInit: Engine Version: 4.24.3-11590370+++UE4+Release-4.24
LogInit: Compatible Engine Version: 4.24.0-10570792+++UE4+Release-4.24
LogInit: Net CL: 10570792
LogInit: OS: Windows 10 (Release 1909) (), CPU: Intel(R) Core(TM) i7-4710HQ CPU @ 2.50GHz, GPU: Intel(R) HD Graphics 4600
LogInit: Compiled (64-bit): Feb 24 2020 15:39:18
LogInit: Compiled with Visual C++: 19.16.27032.01
LogInit: Build Configuration: Development
LogInit: Branch Name: ++UE4+Release-4.24
LogInit: Command Line:  -EpicPortal -epicusername=Teppar -epicuserid=710781efbe2f43389d54e4dbb05ebfc9 -epiclocale=de
LogInit: Base Directory: D:/UnrealEngine/UE_4.24/Engine/Binaries/Win64/
LogInit: Installed Engine Build: 1
LogDevObjectVersion: Number of dev versions registered: 25
LogDevObjectVersion:   Dev-Blueprints (B0D832E4-1F89-4F0D-ACCF-7EB736FD4AA2): 10
LogDevObjectVersion:   Dev-Build (E1C64328-A22C-4D53-A36C-8E866417BD8C): 0
LogDevObjectVersion:   Dev-Core (375EC13C-06E4-48FB-B500-84F0262A717E): 3
LogDevObjectVersion:   Dev-Editor (E4B068ED-F494-42E9-A231-DA0B2E46BB41): 37
LogDevObjectVersion:   Dev-Framework (CFFC743F-43B0-4480-9391-14DF171D2073): 36
LogDevObjectVersion:   Dev-Mobile (B02B49B5-BB20-44E9-A304-32B752E40360): 2
LogDevObjectVersion:   Dev-Networking (A4E4105C-59A1-49B5-A7C5-40C4547EDFEE): 0
LogDevObjectVersion:   Dev-Online (39C831C9-5AE6-47DC-9A44-9C173E1C8E7C): 0
LogDevObjectVersion:   Dev-Physics (78F01B33-EBEA-4F98-B9B4-84EACCB95AA2): 2
LogDevObjectVersion:   Dev-Platform (6631380F-2D4D-43E0-8009-CF276956A95A): 0
LogDevObjectVersion:   Dev-Rendering (12F88B9F-8875-4AFC-A67C-D90C383ABD29): 36
LogDevObjectVersion:   Dev-Sequencer (7B5AE74C-D270-4C10-A958-57980B212A5A): 11
LogDevObjectVersion:   Dev-VR (D7296918-1DD6-4BDD-9DE2-64A83CC13884): 2
LogDevObjectVersion:   Dev-LoadTimes (C2A15278-BFE7-4AFE-6C17-90FF531DF755): 1
LogDevObjectVersion:   Private-Geometry (6EACA3D4-40EC-4CC1-B786-8BED09428FC5): 3
LogDevObjectVersion:   Dev-AnimPhys (29E575DD-E0A3-4627-9D10-D276232CDCEA): 17
LogDevObjectVersion:   Dev-Anim (AF43A65D-7FD3-4947-9873-3E8ED9C1BB05): 2
LogDevObjectVersion:   Dev-ReflectionCapture (6B266CEC-1EC7-4B8F-A30B-E4D90942FC07): 1
LogDevObjectVersion:   Dev-Automation (0DF73D61-A23F-47EA-B727-89E90C41499A): 1
LogDevObjectVersion:   FortniteMain (601D1886-AC64-4F84-AA16-D3DE0DEAC7D6): 31
LogDevObjectVersion:   Dev-Enterprise (9DFFBCD6-494F-0158-E221-12823C92A888): 8
LogDevObjectVersion:   Dev-Niagara (F2AED0AC-9AFE-416F-8664-AA7FFA26D6FC): 1
LogDevObjectVersion:   Dev-Destruction (174F1F0B-B4C6-45A5-B13F-2EE8D0FB917D): 9
LogDevObjectVersion:   Dev-Physics-Ext (35F94A83-E258-406C-A318-09F59610247C): 8
LogDevObjectVersion:   Dev-CineCamera (B2E18506-4273-CFC2-A54E-F4BB758BBA07): 1
LogInit: Presizing for max 25165824 objects, including 0 objects not considered by GC, pre-allocating 0 bytes for permanent pool.
LogInit: Object subsystem initialized
LogConfig: Setting CVar [[con.DebugEarlyDefault:1]]
LogConfig: Setting CVar [[r.setres:1280x720]]
[2020.03.23-14.41.57:060][  0]LogConfig: Setting CVar [[r.VSync:0]]
[2020.03.23-14.41.57:060][  0]LogConfig: Setting CVar [[r.RHICmdBypass:0]]
[2020.03.23-14.41.57:060][  0]LogConfig: Applying CVar settings from Section [/Script/Engine.RendererSettings] File [D:/MyProjects/ArcadeBattleRoyale/ArcadeBattleRoyale/ArcadeBattleRoyale/Saved/Config/Windows/Engine.ini]
[2020.03.23-14.41.57:060][  0]LogConfig: Setting CVar [[r.GPUCrashDebugging:0]]
[2020.03.23-14.41.57:060][  0]LogConfig: Applying CVar settings from Section [/Script/Engine.RendererOverrideSettings] File [D:/MyProjects/ArcadeBattleRoyale/ArcadeBattleRoyale/ArcadeBattleRoyale/Saved/Config/Windows/Engine.ini]
[2020.03.23-14.41.57:060][  0]LogConfig: Applying CVar settings from Section [/Script/Engine.StreamingSettings] File [D:/MyProjects/ArcadeBattleRoyale/ArcadeBattleRoyale/ArcadeBattleRoyale/Saved/Config/Windows/Engine.ini]
[2020.03.23-14.41.57:060][  0]LogConfig: Setting CVar [[s.MinBulkDataSizeForAsyncLoading:131072]]
[2020.03.23-14.41.57:060][  0]LogConfig: Setting CVar [[s.AsyncLoadingThreadEnabled:0]]
[2020.03.23-14.41.57:060][  0]LogConfig: Setting CVar [[s.EventDrivenLoaderEnabled:1]]
[2020.03.23-14.41.57:060][  0]LogConfig: Setting CVar [[s.WarnIfTimeLimitExceeded:0]]
[2020.03.23-14.41.57:060][  0]LogConfig: Setting CVar [[s.TimeLimitExceededMultiplier:1.5]]
[2020.03.23-14.41.57:060][  0]LogConfig: Setting CVar [[s.TimeLimitExceededMinTime:0.005]]
[2020.03.23-14.41.57:060][  0]LogConfig: Setting CVar [[s.UseBackgroundLevelStreaming:1]]
[2020.03.23-14.41.57:060][  0]LogConfig: Setting CVar [[s.PriorityAsyncLoadingExtraTime:15.0]]
[2020.03.23-14.41.57:060][  0]LogConfig: Setting CVar [[s.LevelStreamingActorsUpdateTimeLimit:5.0]]
[2020.03.23-14.41.57:060][  0]LogConfig: Setting CVar [[s.PriorityLevelStreamingActorsUpdateExtraTime:5.0]]
[2020.03.23-14.41.57:060][  0]LogConfig: Setting CVar [[s.LevelStreamingComponentsRegistrationGranularity:10]]
[2020.03.23-14.41.57:060][  0]LogConfig: Setting CVar [[s.UnregisterComponentsTimeLimit:1.0]]
[2020.03.23-14.41.57:060][  0]LogConfig: Setting CVar [[s.LevelStreamingComponentsUnregistrationGranularity:5]]
[2020.03.23-14.41.57:060][  0]LogConfig: Setting CVar [[s.FlushStreamingOnExit:1]]
[2020.03.23-14.41.57:060][  0]LogConfig: Applying CVar settings from Section [/Script/Engine.GarbageCollectionSettings] File [D:/MyProjects/ArcadeBattleRoyale/ArcadeBattleRoyale/ArcadeBattleRoyale/Saved/Config/Windows/Engine.ini]
[2020.03.23-14.41.57:060][  0]LogConfig: Setting CVar [[gc.MaxObjectsNotConsideredByGC:1]]
[2020.03.23-14.41.57:060][  0]LogConfig: Setting CVar [[gc.SizeOfPermanentObjectPool:0]]
[2020.03.23-14.41.57:060][  0]LogConfig: Setting CVar [[gc.FlushStreamingOnGC:0]]
[2020.03.23-14.41.57:060][  0]LogConfig: Setting CVar [[gc.NumRetriesBeforeForcingGC:10]]
[2020.03.23-14.41.57:060][  0]LogConfig: Setting CVar [[gc.AllowParallelGC:1]]
[2020.03.23-14.41.57:060][  0]LogConfig: Setting CVar [[gc.TimeBetweenPurgingPendingKillObjects:61.1]]
[2020.03.23-14.41.57:060][  0]LogConfig: Setting CVar [[gc.MaxObjectsInEditor:25165824]]
[2020.03.23-14.41.57:060][  0]LogConfig: Setting CVar [[gc.IncrementalBeginDestroyEnabled:1]]
[2020.03.23-14.41.57:060][  0]LogConfig: Setting CVar [[gc.CreateGCClusters:1]]
[2020.03.23-14.41.57:060][  0]LogConfig: Setting CVar [[gc.MinGCClusterSize:5]]
[2020.03.23-14.41.57:060][  0]LogConfig: Setting CVar [[gc.ActorClusteringEnabled:0]]
[2020.03.23-14.41.57:060][  0]LogConfig: Setting CVar [[gc.BlueprintClusteringEnabled:0]]
[2020.03.23-14.41.57:060][  0]LogConfig: Setting CVar [[gc.UseDisregardForGCOnDedicatedServers:0]]
[2020.03.23-14.41.57:060][  0]LogConfig: Applying CVar settings from Section [/Script/Engine.NetworkSettings] File [D:/MyProjects/ArcadeBattleRoyale/ArcadeBattleRoyale/ArcadeBattleRoyale/Saved/Config/Windows/Engine.ini]
[2020.03.23-14.41.57:060][  0]LogConfig: Applying CVar settings from Section [/Script/UnrealEd.CookerSettings] File [D:/MyProjects/ArcadeBattleRoyale/ArcadeBattleRoyale/ArcadeBattleRoyale/Saved/Config/Windows/Engine.ini]
[2020.03.23-14.41.57:062][  0]LogConfig: Applying CVar settings from Section [ViewDistanceQuality@3] File [D:/MyProjects/ArcadeBattleRoyale/ArcadeBattleRoyale/ArcadeBattleRoyale/Saved/Config/Windows/Scalability.ini]
[2020.03.23-14.41.57:062][  0]LogConfig: Setting CVar [[r.SkeletalMeshLODBias:0]]
[2020.03.23-14.41.57:062][  0]LogConfig: Setting CVar [[r.ViewDistanceScale:1.0]]
[2020.03.23-14.41.57:062][  0]LogConfig: Applying CVar settings from Section [AntiAliasingQuality@3] File [D:/MyProjects/ArcadeBattleRoyale/ArcadeBattleRoyale/ArcadeBattleRoyale/Saved/Config/Windows/Scalability.ini]
[2020.03.23-14.41.57:062][  0]LogConfig: Setting CVar [[r.PostProcessAAQuality:4]]
[2020.03.23-14.41.57:062][  0]LogConfig: Applying CVar settings from Section [ShadowQuality@3] File [D:/MyProjects/ArcadeBattleRoyale/ArcadeBattleRoyale/ArcadeBattleRoyale/Saved/Config/Windows/Scalability.ini]
[2020.03.23-14.41.57:062][  0]LogConfig: Setting CVar [[r.LightFunctionQuality:1]]
[2020.03.23-14.41.57:062][  0]LogConfig: Setting CVar [[r.ShadowQuality:5]]
[2020.03.23-14.41.57:062][  0]LogConfig: Setting CVar [[r.Shadow.CSM.MaxCascades:10]]
[2020.03.23-14.41.57:062][  0]LogConfig: Setting CVar [[r.Shadow.MaxResolution:2048]]
[2020.03.23-14.41.57:062][  0]LogConfig: Setting CVar [[r.Shadow.MaxCSMResolution:2048]]
[2020.03.23-14.41.57:062][  0]LogConfig: Setting CVar [[r.Shadow.RadiusThreshold:0.01]]
[2020.03.23-14.41.57:062][  0]LogConfig: Setting CVar [[r.Shadow.DistanceScale:1.0]]
[2020.03.23-14.41.57:062][  0]LogConfig: Setting CVar [[r.Shadow.CSM.TransitionScale:1.0]]
[2020.03.23-14.41.57:063][  0]LogConfig: Setting CVar [[r.Shadow.PreShadowResolutionFactor:1.0]]
[2020.03.23-14.41.57:063][  0]LogConfig: Setting CVar [[r.DistanceFieldShadowing:1]]
[2020.03.23-14.41.57:063][  0]LogConfig: Setting CVar [[r.DistanceFieldAO:1]]
[2020.03.23-14.41.57:063][  0]LogConfig: Setting CVar [[r.AOQuality:2]]
[2020.03.23-14.41.57:063][  0]LogConfig: Setting CVar [[r.VolumetricFog:1]]
[2020.03.23-14.41.57:063][  0]LogConfig: Setting CVar [[r.VolumetricFog.GridPixelSize:8]]
[2020.03.23-14.41.57:063][  0]LogConfig: Setting CVar [[r.VolumetricFog.GridSizeZ:128]]
[2020.03.23-14.41.57:063][  0]LogConfig: Setting CVar [[r.VolumetricFog.HistoryMissSupersampleCount:4]]
[2020.03.23-14.41.57:063][  0]LogConfig: Setting CVar [[r.LightMaxDrawDistanceScale:1]]
[2020.03.23-14.41.57:063][  0]LogConfig: Setting CVar [[r.CapsuleShadows:1]]
[2020.03.23-14.41.57:063][  0]LogConfig: Applying CVar settings from Section [PostProcessQuality@3] File [D:/MyProjects/ArcadeBattleRoyale/ArcadeBattleRoyale/ArcadeBattleRoyale/Saved/Config/Windows/Scalability.ini]
[2020.03.23-14.41.57:063][  0]LogConfig: Setting CVar [[r.MotionBlurQuality:4]]
[2020.03.23-14.41.57:063][  0]LogConfig: Setting CVar [[r.AmbientOcclusionMipLevelFactor:0.4]]
[2020.03.23-14.41.57:063][  0]LogConfig: Setting CVar [[r.AmbientOcclusionMaxQuality:100]]
[2020.03.23-14.41.57:063][  0]LogConfig: Setting CVar [[r.AmbientOcclusionLevels:-1]]
[2020.03.23-14.41.57:063][  0]LogConfig: Setting CVar [[r.AmbientOcclusionRadiusScale:1.0]]
[2020.03.23-14.41.57:063][  0]LogConfig: Setting CVar [[r.DepthOfFieldQuality:2]]
[2020.03.23-14.41.57:063][  0]LogConfig: Setting CVar [[r.RenderTargetPoolMin:400]]
[2020.03.23-14.41.57:063][  0]LogConfig: Setting CVar [[r.LensFlareQuality:2]]
[2020.03.23-14.41.57:063][  0]LogConfig: Setting CVar [[r.SceneColorFringeQuality:1]]
[2020.03.23-14.41.57:063][  0]LogConfig: Setting CVar [[r.EyeAdaptationQuality:2]]
[2020.03.23-14.41.57:063][  0]LogConfig: Setting CVar [[r.BloomQuality:5]]
[2020.03.23-14.41.57:063][  0]LogConfig: Setting CVar [[r.FastBlurThreshold:100]]
[2020.03.23-14.41.57:063][  0]LogConfig: Setting CVar [[r.Upscale.Quality:3]]
[2020.03.23-14.41.57:063][  0]LogConfig: Setting CVar [[r.Tonemapper.GrainQuantization:1]]
[2020.03.23-14.41.57:063][  0]LogConfig: Setting CVar [[r.LightShaftQuality:1]]
[2020.03.23-14.41.57:063][  0]LogConfig: Setting CVar [[r.Filter.SizeScale:1]]
[2020.03.23-14.41.57:063][  0]LogConfig: Setting CVar [[r.Tonemapper.Quality:5]]
[2020.03.23-14.41.57:063][  0]LogConfig: Setting CVar [[r.DOF.Gather.AccumulatorQuality:1        ; higher gathering accumulator quality]]
[2020.03.23-14.41.57:063][  0]LogConfig: Setting CVar [[r.DOF.Gather.PostfilterMethod:1          ; Median3x3 postfilering method]]
[2020.03.23-14.41.57:063][  0]LogConfig: Setting CVar [[r.DOF.Gather.EnableBokehSettings:0       ; no bokeh simulation when gathering]]
[2020.03.23-14.41.57:063][  0]LogConfig: Setting CVar [[r.DOF.Gather.RingCount:4                 ; medium number of samples when gathering]]
[2020.03.23-14.41.57:063][  0]LogConfig: Setting CVar [[r.DOF.Scatter.ForegroundCompositing:1    ; additive foreground scattering]]
[2020.03.23-14.41.57:063][  0]LogConfig: Setting CVar [[r.DOF.Scatter.BackgroundCompositing:2    ; additive background scattering]]
[2020.03.23-14.41.57:063][  0]LogConfig: Setting CVar [[r.DOF.Scatter.EnableBokehSettings:1      ; bokeh simulation when scattering]]
[2020.03.23-14.41.57:063][  0]LogConfig: Setting CVar [[r.DOF.Scatter.MaxSpriteRatio:0.1         ; only a maximum of 10% of scattered bokeh]]
[2020.03.23-14.41.57:063][  0]LogConfig: Setting CVar [[r.DOF.Recombine.Quality:1                ; cheap slight out of focus]]
[2020.03.23-14.41.57:063][  0]LogConfig: Setting CVar [[r.DOF.Recombine.EnableBokehSettings:0    ; no bokeh simulation on slight out of focus]]
[2020.03.23-14.41.57:063][  0]LogConfig: Setting CVar [[r.DOF.TemporalAAQuality:1                ; more stable temporal accumulation]]
[2020.03.23-14.41.57:063][  0]LogConfig: Setting CVar [[r.DOF.Kernel.MaxForegroundRadius:0.025]]
[2020.03.23-14.41.57:063][  0]LogConfig: Setting CVar [[r.DOF.Kernel.MaxBackgroundRadius:0.025]]
[2020.03.23-14.41.57:063][  0]LogConfig: Applying CVar settings from Section [TextureQuality@3] File [D:/MyProjects/ArcadeBattleRoyale/ArcadeBattleRoyale/ArcadeBattleRoyale/Saved/Config/Windows/Scalability.ini]
[2020.03.23-14.41.57:063][  0]LogConfig: Setting CVar [[r.Streaming.MipBias:0]]
[2020.03.23-14.41.57:063][  0]LogConfig: Setting CVar [[r.Streaming.AmortizeCPUToGPUCopy:0]]
[2020.03.23-14.41.57:063][  0]LogConfig: Setting CVar [[r.Streaming.MaxNumTexturesToStreamPerFrame:0]]
[2020.03.23-14.41.57:063][  0]LogConfig: Setting CVar [[r.Streaming.Boost:1]]
[2020.03.23-14.41.57:063][  0]LogConfig: Setting CVar [[r.MaxAnisotropy:8]]
[2020.03.23-14.41.57:063][  0]LogConfig: Setting CVar [[r.VT.MaxAnisotropy:8]]
[2020.03.23-14.41.57:063][  0]LogConfig: Setting CVar [[r.Streaming.LimitPoolSizeToVRAM:0]]
[2020.03.23-14.41.57:063][  0]LogConfig: Setting CVar [[r.Streaming.PoolSize:1000]]
[2020.03.23-14.41.57:063][  0]LogConfig: Setting CVar [[r.Streaming.MaxEffectiveScreenSize:0]]
[2020.03.23-14.41.57:063][  0]LogConfig: Applying CVar settings from Section [EffectsQuality@3] File [D:/MyProjects/ArcadeBattleRoyale/ArcadeBattleRoyale/ArcadeBattleRoyale/Saved/Config/Windows/Scalability.ini]
[2020.03.23-14.41.57:063][  0]LogConfig: Setting CVar [[r.TranslucencyLightingVolumeDim:64]]
[2020.03.23-14.41.57:063][  0]LogConfig: Setting CVar [[r.RefractionQuality:2]]
[2020.03.23-14.41.57:063][  0]LogConfig: Setting CVar [[r.SSR.Quality:3]]
[2020.03.23-14.41.57:063][  0]LogConfig: Setting CVar [[r.SSR.HalfResSceneColor:0]]
[2020.03.23-14.41.57:063][  0]LogConfig: Setting CVar [[r.SceneColorFormat:4]]
[2020.03.23-14.41.57:063][  0]LogConfig: Setting CVar [[r.DetailMode:2]]
[2020.03.23-14.41.57:063][  0]LogConfig: Setting CVar [[r.TranslucencyVolumeBlur:1]]
[2020.03.23-14.41.57:063][  0]LogConfig: Setting CVar [[r.MaterialQualityLevel:1 ; High quality]]
[2020.03.23-14.41.57:063][  0]LogConfig: Setting CVar [[r.SSS.Scale:1]]
[2020.03.23-14.41.57:063][  0]LogConfig: Setting CVar [[r.SSS.SampleSet:2]]
[2020.03.23-14.41.57:063][  0]LogConfig: Setting CVar [[r.SSS.Quality:1]]
[2020.03.23-14.41.57:063][  0]LogConfig: Setting CVar [[r.SSS.HalfRes:1]]
[2020.03.23-14.41.57:063][  0]LogConfig: Setting CVar [[r.SSGI.Quality:3]]
[2020.03.23-14.41.57:063][  0]LogConfig: Setting CVar [[r.EmitterSpawnRateScale:1.0]]
[2020.03.23-14.41.57:063][  0]LogConfig: Setting CVar [[r.ParticleLightQuality:2]]
[2020.03.23-14.41.57:063][  0]LogConfig: Setting CVar [[r.SkyAtmosphere.AerialPerspectiveLUT.FastApplyOnOpaque:1 ; Always have FastSkyLUT 1 in this case to avoid wrong sky]]
[2020.03.23-14.41.57:063][  0]LogConfig: Setting CVar [[r.SkyAtmosphere.AerialPerspectiveLUT.SampleCountPerSlice:1]]
[2020.03.23-14.41.57:063][  0]LogConfig: Setting CVar [[r.SkyAtmosphere.AerialPerspectiveLUT.DepthResolution:16.0]]
[2020.03.23-14.41.57:063][  0]LogConfig: Setting CVar [[r.SkyAtmosphere.FastSkyLUT:1]]
[2020.03.23-14.41.57:063][  0]LogConfig: Setting CVar [[r.SkyAtmosphere.FastSkyLUT.SampleCountMin:4.0]]
[2020.03.23-14.41.57:063][  0]LogConfig: Setting CVar [[r.SkyAtmosphere.FastSkyLUT.SampleCountMax:32.0]]
[2020.03.23-14.41.57:064][  0]LogConfig: Setting CVar [[r.SkyAtmosphere.SampleCountMin:4.0]]
[2020.03.23-14.41.57:064][  0]LogConfig: Setting CVar [[r.SkyAtmosphere.SampleCountMax:32.0]]
[2020.03.23-14.41.57:064][  0]LogConfig: Setting CVar [[r.SkyAtmosphere.TransmittanceLUT.UseSmallFormat:0]]
[2020.03.23-14.41.57:064][  0]LogConfig: Setting CVar [[r.SkyAtmosphere.TransmittanceLUT.SampleCount:10.0]]
[2020.03.23-14.41.57:064][  0]LogConfig: Setting CVar [[r.SkyAtmosphere.MultiScatteringLUT.SampleCount:15.0]]
[2020.03.23-14.41.57:064][  0]LogConfig: Applying CVar settings from Section [FoliageQuality@3] File [D:/MyProjects/ArcadeBattleRoyale/ArcadeBattleRoyale/ArcadeBattleRoyale/Saved/Config/Windows/Scalability.ini]
[2020.03.23-14.41.57:064][  0]LogConfig: Setting CVar [[foliage.DensityScale:1.0]]
[2020.03.23-14.41.57:064][  0]LogConfig: Setting CVar [[grass.DensityScale:1.0]]
[2020.03.23-14.41.57:064][  0]LogConfig: Applying CVar settings from Section [ShadingQuality@3] File [D:/MyProjects/ArcadeBattleRoyale/ArcadeBattleRoyale/ArcadeBattleRoyale/Saved/Config/Windows/Scalability.ini]
[2020.03.23-14.41.57:064][  0]LogConfig: Setting CVar [[r.HairStrands.SkyLighting.SampleCount:16]]
[2020.03.23-14.41.57:064][  0]LogConfig: Setting CVar [[r.HairStrands.SkyLighting.JitterIntegration:0]]
[2020.03.23-14.41.57:064][  0]LogConfig: Setting CVar [[r.HairStrands.SkyAO.SampleCount:16]]
[2020.03.23-14.41.57:064][  0]LogInit: Selected Device Profile: [Windows]
[2020.03.23-14.41.57:064][  0]LogInit: Applying CVar settings loaded from the selected device profile: [Windows]
[2020.03.23-14.41.57:263][  0]LogHAL: Display: Platform has ~ 8 GB [8467181568 / 8589934592 / 8], which maps to Default [LargestMinGB=32, LargerMinGB=12, DefaultMinGB=8, SmallerMinGB=6, SmallestMinGB=0)
[2020.03.23-14.41.57:263][  0]LogInit: Going up to parent DeviceProfile []
[2020.03.23-14.41.57:263][  0]LogConfig: Applying CVar settings from Section [ViewDistanceQuality@3] File [D:/MyProjects/ArcadeBattleRoyale/ArcadeBattleRoyale/ArcadeBattleRoyale/Saved/Config/Windows/Scalability.ini]
[2020.03.23-14.41.57:263][  0]LogConfig: Setting CVar [[r.SkeletalMeshLODBias:0]]
[2020.03.23-14.41.57:263][  0]LogConfig: Setting CVar [[r.ViewDistanceScale:1.0]]
[2020.03.23-14.41.57:263][  0]LogConfig: Applying CVar settings from Section [AntiAliasingQuality@3] File [D:/MyProjects/ArcadeBattleRoyale/ArcadeBattleRoyale/ArcadeBattleRoyale/Saved/Config/Windows/Scalability.ini]
[2020.03.23-14.41.57:263][  0]LogConfig: Setting CVar [[r.PostProcessAAQuality:4]]
[2020.03.23-14.41.57:263][  0]LogConfig: Applying CVar settings from Section [ShadowQuality@3] File [D:/MyProjects/ArcadeBattleRoyale/ArcadeBattleRoyale/ArcadeBattleRoyale/Saved/Config/Windows/Scalability.ini]
[2020.03.23-14.41.57:263][  0]LogConfig: Setting CVar [[r.LightFunctionQuality:1]]
[2020.03.23-14.41.57:263][  0]LogConfig: Setting CVar [[r.ShadowQuality:5]]
[2020.03.23-14.41.57:263][  0]LogConfig: Setting CVar [[r.Shadow.CSM.MaxCascades:10]]
[2020.03.23-14.41.57:263][  0]LogConfig: Setting CVar [[r.Shadow.MaxResolution:2048]]
[2020.03.23-14.41.57:263][  0]LogConfig: Setting CVar [[r.Shadow.MaxCSMResolution:2048]]
[2020.03.23-14.41.57:263][  0]LogConfig: Setting CVar [[r.Shadow.RadiusThreshold:0.01]]
[2020.03.23-14.41.57:263][  0]LogConfig: Setting CVar [[r.Shadow.DistanceScale:1.0]]
[2020.03.23-14.41.57:263][  0]LogConfig: Setting CVar [[r.Shadow.CSM.TransitionScale:1.0]]
[2020.03.23-14.41.57:263][  0]LogConfig: Setting CVar [[r.Shadow.PreShadowResolutionFactor:1.0]]
[2020.03.23-14.41.57:263][  0]LogConfig: Setting CVar [[r.DistanceFieldShadowing:1]]
[2020.03.23-14.41.57:263][  0]LogConfig: Setting CVar [[r.DistanceFieldAO:1]]
[2020.03.23-14.41.57:263][  0]LogConfig: Setting CVar [[r.AOQuality:2]]
[2020.03.23-14.41.57:263][  0]LogConfig: Setting CVar [[r.VolumetricFog:1]]
[2020.03.23-14.41.57:263][  0]LogConfig: Setting CVar [[r.VolumetricFog.GridPixelSize:8]]
[2020.03.23-14.41.57:263][  0]LogConfig: Setting CVar [[r.VolumetricFog.GridSizeZ:128]]
[2020.03.23-14.41.57:263][  0]LogConfig: Setting CVar [[r.VolumetricFog.HistoryMissSupersampleCount:4]]
[2020.03.23-14.41.57:263][  0]LogConfig: Setting CVar [[r.LightMaxDrawDistanceScale:1]]
[2020.03.23-14.41.57:263][  0]LogConfig: Setting CVar [[r.CapsuleShadows:1]]
[2020.03.23-14.41.57:263][  0]LogConfig: Applying CVar settings from Section [PostProcessQuality@3] File [D:/MyProjects/ArcadeBattleRoyale/ArcadeBattleRoyale/ArcadeBattleRoyale/Saved/Config/Windows/Scalability.ini]
[2020.03.23-14.41.57:263][  0]LogConfig: Setting CVar [[r.MotionBlurQuality:4]]
[2020.03.23-14.41.57:263][  0]LogConfig: Setting CVar [[r.AmbientOcclusionMipLevelFactor:0.4]]
[2020.03.23-14.41.57:263][  0]LogConfig: Setting CVar [[r.AmbientOcclusionMaxQuality:100]]
[2020.03.23-14.41.57:263][  0]LogConfig: Setting CVar [[r.AmbientOcclusionLevels:-1]]
[2020.03.23-14.41.57:263][  0]LogConfig: Setting CVar [[r.AmbientOcclusionRadiusScale:1.0]]
[2020.03.23-14.41.57:263][  0]LogConfig: Setting CVar [[r.DepthOfFieldQuality:2]]
[2020.03.23-14.41.57:263][  0]LogConfig: Setting CVar [[r.RenderTargetPoolMin:400]]
[2020.03.23-14.41.57:263][  0]LogConfig: Setting CVar [[r.LensFlareQuality:2]]
[2020.03.23-14.41.57:263][  0]LogConfig: Setting CVar [[r.SceneColorFringeQuality:1]]
[2020.03.23-14.41.57:263][  0]LogConfig: Setting CVar [[r.EyeAdaptationQuality:2]]
[2020.03.23-14.41.57:263][  0]LogConfig: Setting CVar [[r.BloomQuality:5]]
[2020.03.23-14.41.57:263][  0]LogConfig: Setting CVar [[r.FastBlurThreshold:100]]
[2020.03.23-14.41.57:263][  0]LogConfig: Setting CVar [[r.Upscale.Quality:3]]
[2020.03.23-14.41.57:263][  0]LogConfig: Setting CVar [[r.Tonemapper.GrainQuantization:1]]
[2020.03.23-14.41.57:263][  0]LogConfig: Setting CVar [[r.LightShaftQuality:1]]
[2020.03.23-14.41.57:263][  0]LogConfig: Setting CVar [[r.Filter.SizeScale:1]]
[2020.03.23-14.41.57:263][  0]LogConfig: Setting CVar [[r.Tonemapper.Quality:5]]
[2020.03.23-14.41.57:263][  0]LogConfig: Setting CVar [[r.DOF.Gather.AccumulatorQuality:1        ; higher gathering accumulator quality]]
[2020.03.23-14.41.57:263][  0]LogConfig: Setting CVar [[r.DOF.Gather.PostfilterMethod:1          ; Median3x3 postfilering method]]
[2020.03.23-14.41.57:264][  0]LogConfig: Setting CVar [[r.DOF.Gather.EnableBokehSettings:0       ; no bokeh simulation when gathering]]
[2020.03.23-14.41.57:264][  0]LogConfig: Setting CVar [[r.DOF.Gather.RingCount:4                 ; medium number of samples when gathering]]
[2020.03.23-14.41.57:264][  0]LogConfig: Setting CVar [[r.DOF.Scatter.ForegroundCompositing:1    ; additive foreground scattering]]
[2020.03.23-14.41.57:264][  0]LogConfig: Setting CVar [[r.DOF.Scatter.BackgroundCompositing:2    ; additive background scattering]]
[2020.03.23-14.41.57:264][  0]LogConfig: Setting CVar [[r.DOF.Scatter.EnableBokehSettings:1      ; bokeh simulation when scattering]]
[2020.03.23-14.41.57:264][  0]LogConfig: Setting CVar [[r.DOF.Scatter.MaxSpriteRatio:0.1         ; only a maximum of 10% of scattered bokeh]]
[2020.03.23-14.41.57:264][  0]LogConfig: Setting CVar [[r.DOF.Recombine.Quality:1                ; cheap slight out of focus]]
[2020.03.23-14.41.57:264][  0]LogConfig: Setting CVar [[r.DOF.Recombine.EnableBokehSettings:0    ; no bokeh simulation on slight out of focus]]
[2020.03.23-14.41.57:264][  0]LogConfig: Setting CVar [[r.DOF.TemporalAAQuality:1                ; more stable temporal accumulation]]
[2020.03.23-14.41.57:264][  0]LogConfig: Setting CVar [[r.DOF.Kernel.MaxForegroundRadius:0.025]]
[2020.03.23-14.41.57:264][  0]LogConfig: Setting CVar [[r.DOF.Kernel.MaxBackgroundRadius:0.025]]
[2020.03.23-14.41.57:264][  0]LogConfig: Applying CVar settings from Section [TextureQuality@3] File [D:/MyProjects/ArcadeBattleRoyale/ArcadeBattleRoyale/ArcadeBattleRoyale/Saved/Config/Windows/Scalability.ini]
[2020.03.23-14.41.57:264][  0]LogConfig: Setting CVar [[r.Streaming.MipBias:0]]
[2020.03.23-14.41.57:264][  0]LogConfig: Setting CVar [[r.Streaming.AmortizeCPUToGPUCopy:0]]
[2020.03.23-14.41.57:264][  0]LogConfig: Setting CVar [[r.Streaming.MaxNumTexturesToStreamPerFrame:0]]
[2020.03.23-14.41.57:264][  0]LogConfig: Setting CVar [[r.Streaming.Boost:1]]
[2020.03.23-14.41.57:264][  0]LogConfig: Setting CVar [[r.MaxAnisotropy:8]]
[2020.03.23-14.41.57:264][  0]LogConfig: Setting CVar [[r.VT.MaxAnisotropy:8]]
[2020.03.23-14.41.57:264][  0]LogConfig: Setting CVar [[r.Streaming.LimitPoolSizeToVRAM:0]]
[2020.03.23-14.41.57:264][  0]LogConfig: Setting CVar [[r.Streaming.PoolSize:1000]]
[2020.03.23-14.41.57:264][  0]LogConfig: Setting CVar [[r.Streaming.MaxEffectiveScreenSize:0]]
[2020.03.23-14.41.57:264][  0]LogConfig: Applying CVar settings from Section [EffectsQuality@3] File [D:/MyProjects/ArcadeBattleRoyale/ArcadeBattleRoyale/ArcadeBattleRoyale/Saved/Config/Windows/Scalability.ini]
[2020.03.23-14.41.57:264][  0]LogConfig: Setting CVar [[r.TranslucencyLightingVolumeDim:64]]
[2020.03.23-14.41.57:264][  0]LogConfig: Setting CVar [[r.RefractionQuality:2]]
[2020.03.23-14.41.57:264][  0]LogConfig: Setting CVar [[r.SSR.Quality:3]]
[2020.03.23-14.41.57:264][  0]LogConfig: Setting CVar [[r.SSR.HalfResSceneColor:0]]
[2020.03.23-14.41.57:264][  0]LogConfig: Setting CVar [[r.SceneColorFormat:4]]
[2020.03.23-14.41.57:264][  0]LogConfig: Setting CVar [[r.DetailMode:2]]
[2020.03.23-14.41.57:264][  0]LogConfig: Setting CVar [[r.TranslucencyVolumeBlur:1]]
[2020.03.23-14.41.57:264][  0]LogConfig: Setting CVar [[r.MaterialQualityLevel:1 ; High quality]]
[2020.03.23-14.41.57:264][  0]LogConfig: Setting CVar [[r.SSS.Scale:1]]
[2020.03.23-14.41.57:264][  0]LogConfig: Setting CVar [[r.SSS.SampleSet:2]]
[2020.03.23-14.41.57:264][  0]LogConfig: Setting CVar [[r.SSS.Quality:1]]
[2020.03.23-14.41.57:264][  0]LogConfig: Setting CVar [[r.SSS.HalfRes:1]]
[2020.03.23-14.41.57:264][  0]LogConfig: Setting CVar [[r.SSGI.Quality:3]]
[2020.03.23-14.41.57:264][  0]LogConfig: Setting CVar [[r.EmitterSpawnRateScale:1.0]]
[2020.03.23-14.41.57:264][  0]LogConfig: Setting CVar [[r.ParticleLightQuality:2]]
[2020.03.23-14.41.57:264][  0]LogConfig: Setting CVar [[r.SkyAtmosphere.AerialPerspectiveLUT.FastApplyOnOpaque:1 ; Always have FastSkyLUT 1 in this case to avoid wrong sky]]
[2020.03.23-14.41.57:264][  0]LogConfig: Setting CVar [[r.SkyAtmosphere.AerialPerspectiveLUT.SampleCountPerSlice:1]]
[2020.03.23-14.41.57:264][  0]LogConfig: Setting CVar [[r.SkyAtmosphere.AerialPerspectiveLUT.DepthResolution:16.0]]
[2020.03.23-14.41.57:264][  0]LogConfig: Setting CVar [[r.SkyAtmosphere.FastSkyLUT:1]]
[2020.03.23-14.41.57:264][  0]LogConfig: Setting CVar [[r.SkyAtmosphere.FastSkyLUT.SampleCountMin:4.0]]
[2020.03.23-14.41.57:264][  0]LogConfig: Setting CVar [[r.SkyAtmosphere.FastSkyLUT.SampleCountMax:32.0]]
[2020.03.23-14.41.57:264][  0]LogConfig: Setting CVar [[r.SkyAtmosphere.SampleCountMin:4.0]]
[2020.03.23-14.41.57:264][  0]LogConfig: Setting CVar [[r.SkyAtmosphere.SampleCountMax:32.0]]
[2020.03.23-14.41.57:264][  0]LogConfig: Setting CVar [[r.SkyAtmosphere.TransmittanceLUT.UseSmallFormat:0]]
[2020.03.23-14.41.57:264][  0]LogConfig: Setting CVar [[r.SkyAtmosphere.TransmittanceLUT.SampleCount:10.0]]
[2020.03.23-14.41.57:264][  0]LogConfig: Setting CVar [[r.SkyAtmosphere.MultiScatteringLUT.SampleCount:15.0]]
[2020.03.23-14.41.57:264][  0]LogConfig: Applying CVar settings from Section [FoliageQuality@3] File [D:/MyProjects/ArcadeBattleRoyale/ArcadeBattleRoyale/ArcadeBattleRoyale/Saved/Config/Windows/Scalability.ini]
[2020.03.23-14.41.57:264][  0]LogConfig: Setting CVar [[foliage.DensityScale:1.0]]
[2020.03.23-14.41.57:264][  0]LogConfig: Setting CVar [[grass.DensityScale:1.0]]
[2020.03.23-14.41.57:264][  0]LogConfig: Applying CVar settings from Section [ShadingQuality@3] File [D:/MyProjects/ArcadeBattleRoyale/ArcadeBattleRoyale/ArcadeBattleRoyale/Saved/Config/Windows/Scalability.ini]
[2020.03.23-14.41.57:264][  0]LogConfig: Setting CVar [[r.HairStrands.SkyLighting.SampleCount:16]]
[2020.03.23-14.41.57:264][  0]LogConfig: Setting CVar [[r.HairStrands.SkyLighting.JitterIntegration:0]]
[2020.03.23-14.41.57:264][  0]LogConfig: Setting CVar [[r.HairStrands.SkyAO.SampleCount:16]]
[2020.03.23-14.41.57:264][  0]LogConfig: Applying CVar settings from Section [Startup] File [../../../Engine/Config/ConsoleVariables.ini]
[2020.03.23-14.41.57:264][  0]LogConfig: Setting CVar [[net.UseAdaptiveNetUpdateFrequency:0]]
[2020.03.23-14.41.57:264][  0]LogConfig: Setting CVar [[p.chaos.AllowCreatePhysxBodies:1]]
[2020.03.23-14.41.57:264][  0]LogConfig: Applying CVar settings from Section [ConsoleVariables] File [D:/MyProjects/ArcadeBattleRoyale/ArcadeBattleRoyale/ArcadeBattleRoyale/Saved/Config/Windows/Engine.ini]
[2020.03.23-14.41.57:265][  0]LogInit: Computer: DESKTOP-CMHHPDR
[2020.03.23-14.41.57:265][  0]LogInit: User: telic
[2020.03.23-14.41.57:265][  0]LogInit: CPU Page size=4096, Cores=4
[2020.03.23-14.41.57:265][  0]LogInit: High frequency timer resolution =10.000000 MHz
[2020.03.23-14.41.57:265][  0]LogMemory: Memory total: Physical=7.9GB (8GB approx)
[2020.03.23-14.41.57:265][  0]LogMemory: Platform Memory Stats for Windows
[2020.03.23-14.41.57:265][  0]LogMemory: Process Physical Memory: 105.34 MB used, 105.34 MB peak
[2020.03.23-14.41.57:265][  0]LogMemory: Process Virtual Memory: 100.52 MB used, 100.52 MB peak
[2020.03.23-14.41.57:265][  0]LogMemory: Physical Memory: 4857.95 MB used,  3216.98 MB free, 8074.93 MB total
[2020.03.23-14.41.57:265][  0]LogMemory: Virtual Memory: 5137.55 MB used,  134212592.00 MB free, 134217728.00 MB total
[2020.03.23-14.41.57:267][  0]LogWindows: WindowsPlatformFeatures enabled
[2020.03.23-14.41.57:282][  0]LogInit: Using OS detected language (de-DE).
[2020.03.23-14.41.57:282][  0]LogInit: Using OS detected locale (de-DE).
[2020.03.23-14.41.57:282][  0]LogTextLocalizationManager: No specific localization for 'de-DE' exists, so the 'de' localization will be used.
[2020.03.23-14.41.57:283][  0]LogTextLocalizationResource: LocRes '../../../Engine/Content/Localization/Editor/de/Editor.locres' could not be opened for reading!
[2020.03.23-14.41.57:283][  0]LogTextLocalizationResource: LocRes '../../../Engine/Content/Localization/EditorTutorials/de/EditorTutorials.locres' could not be opened for reading!
[2020.03.23-14.41.57:283][  0]LogTextLocalizationResource: LocRes '../../../Engine/Content/Localization/Keywords/de/Keywords.locres' could not be opened for reading!
[2020.03.23-14.41.57:283][  0]LogTextLocalizationResource: LocRes '../../../Engine/Content/Localization/Category/de/Category.locres' could not be opened for reading!
[2020.03.23-14.41.57:283][  0]LogTextLocalizationResource: LocRes '../../../Engine/Content/Localization/ToolTips/de/ToolTips.locres' could not be opened for reading!
[2020.03.23-14.41.57:283][  0]LogTextLocalizationResource: LocRes '../../../Engine/Content/Localization/PropertyNames/de/PropertyNames.locres' could not be opened for reading!
[2020.03.23-14.41.57:283][  0]LogTextLocalizationResource: LocRes '../../../Engine/Content/Localization/Engine/de/Engine.locres' could not be opened for reading!
[2020.03.23-14.41.57:284][  0]LogInit: Setting process to per monitor DPI aware
[2020.03.23-14.41.57:316][  0]LogSlate: New Slate User Created.  User Index 0, Is Virtual User: 0
[2020.03.23-14.41.57:316][  0]LogSlate: Slate User Registered.  User Index 0, Is Virtual User: 0
[2020.03.23-14.41.57:712][  0]LogHMD: Failed to initialize OpenVR with code 110
[2020.03.23-14.41.57:712][  0]LogD3D11RHI: D3D11 min allowed feature level: 11_0
[2020.03.23-14.41.57:712][  0]LogD3D11RHI: D3D11 max allowed feature level: 11_0
[2020.03.23-14.41.57:712][  0]LogD3D11RHI: D3D11 adapters:
[2020.03.23-14.41.57:785][  0]LogD3D11RHI:    0. 'NVIDIA GeForce GTX 850M' (Feature Level 11_0)
[2020.03.23-14.41.57:785][  0]LogD3D11RHI:       2010/0/4037 MB DedicatedVideo/DedicatedSystem/SharedSystem, Outputs:1, VendorId:0x10de
[2020.03.23-14.41.57:792][  0]LogD3D11RHI:    1. 'Intel(R) HD Graphics 4600' (Feature Level 11_0)
[2020.03.23-14.41.57:792][  0]LogD3D11RHI:       112/0/2048 MB DedicatedVideo/DedicatedSystem/SharedSystem, Outputs:0, VendorId:0x8086
[2020.03.23-14.41.57:795][  0]LogD3D11RHI:    2. 'Microsoft Basic Render Driver' (Feature Level 11_0)
[2020.03.23-14.41.57:795][  0]LogD3D11RHI:       0/0/4037 MB DedicatedVideo/DedicatedSystem/SharedSystem, Outputs:0, VendorId:0x1414
[2020.03.23-14.41.57:795][  0]LogD3D11RHI: Chosen D3D11 Adapter: 0
[2020.03.23-14.41.57:825][  0]LogD3D11RHI: Creating new Direct3DDevice
[2020.03.23-14.41.57:825][  0]LogD3D11RHI:     GPU DeviceId: 0x1391 (for the marketing name, search the web for "GPU Device Id")
[2020.03.23-14.41.57:825][  0]LogWindows: EnumDisplayDevices:
[2020.03.23-14.41.57:825][  0]LogWindows:    0. 'Intel(R) HD Graphics 4600' (P:1 D:1)
[2020.03.23-14.41.57:825][  0]LogWindows:    1. 'Intel(R) HD Graphics 4600' (P:0 D:0)
[2020.03.23-14.41.57:825][  0]LogWindows:    2. 'Intel(R) HD Graphics 4600' (P:0 D:0)
[2020.03.23-14.41.57:826][  0]LogWindows: DebugString: PrimaryIsNotTheChoosenAdapter PrimaryIsNotTheChoosenAdapter PrimaryIsNotTheChoosenAdapter FoundDriverCount:0 
[2020.03.23-14.41.57:826][  0]LogD3D11RHI:     Adapter Name: NVIDIA GeForce GTX 850M
[2020.03.23-14.41.57:826][  0]LogD3D11RHI:   Driver Version: Unknown (internal:Unknown, unified:Unknown)
[2020.03.23-14.41.57:826][  0]LogD3D11RHI:      Driver Date: Unknown
[2020.03.23-14.41.57:826][  0]LogRHI: Texture pool is 1407 MB (70% of 2010 MB)
[2020.03.23-14.41.57:875][  0]LogD3D11RHI: RHI has support for 64 bit atomics
[2020.03.23-14.41.57:875][  0]LogD3D11RHI: Async texture creation enabled
[2020.03.23-14.41.57:889][  0]LogD3D11RHI: GPU Timing Frequency: 1000.000000 (Debug: 2 1)
[2020.03.23-14.41.58:305][  0]LogTargetPlatformManager: Display: Loaded TargetPlatform 'AllDesktop'
[2020.03.23-14.41.58:338][  0]LogTargetPlatformManager: Display: Loaded TargetPlatform 'Android'
[2020.03.23-14.41.58:338][  0]LogTargetPlatformManager: Display: Loaded TargetPlatform 'Android_ASTC'
[2020.03.23-14.41.58:338][  0]LogTargetPlatformManager: Display: Loaded TargetPlatform 'Android_ATC'
[2020.03.23-14.41.58:338][  0]LogTargetPlatformManager: Display: Loaded TargetPlatform 'Android_DXT'
[2020.03.23-14.41.58:338][  0]LogTargetPlatformManager: Display: Loaded TargetPlatform 'Android_ETC1'
[2020.03.23-14.41.58:338][  0]LogTargetPlatformManager: Display: Loaded TargetPlatform 'Android_ETC1a'
[2020.03.23-14.41.58:338][  0]LogTargetPlatformManager: Display: Loaded TargetPlatform 'Android_ETC2'
[2020.03.23-14.41.58:338][  0]LogTargetPlatformManager: Display: Loaded TargetPlatform 'Android_PVRTC'
[2020.03.23-14.41.58:338][  0]LogTargetPlatformManager: Display: Loaded TargetPlatform 'AndroidClient'
[2020.03.23-14.41.58:338][  0]LogTargetPlatformManager: Display: Loaded TargetPlatform 'Android_ASTCClient'
[2020.03.23-14.41.58:338][  0]LogTargetPlatformManager: Display: Loaded TargetPlatform 'Android_ATCClient'
[2020.03.23-14.41.58:338][  0]LogTargetPlatformManager: Display: Loaded TargetPlatform 'Android_DXTClient'
[2020.03.23-14.41.58:338][  0]LogTargetPlatformManager: Display: Loaded TargetPlatform 'Android_ETC1Client'
[2020.03.23-14.41.58:338][  0]LogTargetPlatformManager: Display: Loaded TargetPlatform 'Android_ETC1aClient'
[2020.03.23-14.41.58:338][  0]LogTargetPlatformManager: Display: Loaded TargetPlatform 'Android_ETC2Client'
[2020.03.23-14.41.58:338][  0]LogTargetPlatformManager: Display: Loaded TargetPlatform 'Android_PVRTCClient'
[2020.03.23-14.41.58:338][  0]LogTargetPlatformManager: Display: Loaded TargetPlatform 'Android_Multi'
[2020.03.23-14.41.58:338][  0]LogTargetPlatformManager: Display: Loaded TargetPlatform 'Android_MultiClient'
[2020.03.23-14.41.58:356][  0]LogTargetPlatformManager: Display: Loaded TargetPlatform 'IOSClient'
[2020.03.23-14.41.58:356][  0]LogTargetPlatformManager: Display: Loaded TargetPlatform 'IOS'
[2020.03.23-14.41.58:362][  0]LogTargetPlatformManager: Display: Loaded TargetPlatform 'LinuxNoEditor'
[2020.03.23-14.41.58:368][  0]LogTargetPlatformManager: Display: Loaded TargetPlatform 'LinuxClient'
[2020.03.23-14.41.58:375][  0]LogTargetPlatformManager: Display: Loaded TargetPlatform 'LinuxServer'
[2020.03.23-14.41.58:382][  0]LogTargetPlatformManager: Display: Loaded TargetPlatform 'LinuxAArch64NoEditor'
[2020.03.23-14.41.58:389][  0]LogTargetPlatformManager: Display: Loaded TargetPlatform 'LinuxAArch64Client'
[2020.03.23-14.41.58:396][  0]LogTargetPlatformManager: Display: Loaded TargetPlatform 'LinuxAArch64Server'
[2020.03.23-14.41.58:419][  0]LogTargetPlatformManager: Display: Loaded TargetPlatform 'Lumin'
[2020.03.23-14.41.58:419][  0]LogTargetPlatformManager: Display: Loaded TargetPlatform 'LuminClient'
[2020.03.23-14.41.58:432][  0]LogTargetPlatformManager: Display: Loaded TargetPlatform 'TVOSClient'
[2020.03.23-14.41.58:432][  0]LogTargetPlatformManager: Display: Loaded TargetPlatform 'TVOS'
[2020.03.23-14.41.58:439][  0]LogTargetPlatformManager: Display: Loaded TargetPlatform 'WindowsNoEditor'
[2020.03.23-14.41.58:446][  0]LogTargetPlatformManager: Display: Loaded TargetPlatform 'Windows'
[2020.03.23-14.41.58:453][  0]LogTargetPlatformManager: Display: Loaded TargetPlatform 'WindowsClient'
[2020.03.23-14.41.58:460][  0]LogTargetPlatformManager: Display: Loaded TargetPlatform 'WindowsServer'
[2020.03.23-14.41.58:460][  0]LogTargetPlatformManager: Display: Building Assets For Windows
[2020.03.23-14.41.58:462][  0]LogAudioDebug: Display: Lib vorbis DLL was dynamically loaded.
[2020.03.23-14.41.58:478][  0]LogShaderCompilers: Guid format shader working directory is -37 characters bigger than the processId version (../../../../../MyProjects/ArcadeBattleRoyale/ArcadeBattleRoyale/ArcadeBattleRoyale/Intermediate/Shaders/WorkingDirectory/19428/).
[2020.03.23-14.41.58:478][  0]LogShaderCompilers: Cleaned the shader compiler working directory 'C:/Users/telic/AppData/Local/Temp/UnrealShaderWorkingDir/702FDA1441F839E3FD27779228ECD4F6/'.
[2020.03.23-14.41.58:478][  0]LogXGEController: Cannot use XGE Controller as Incredibuild is not installed on this machine.
[2020.03.23-14.41.58:478][  0]LogShaderCompilers: Cannot use XGE Shader Compiler as Incredibuild is not installed on this machine.
[2020.03.23-14.41.58:478][  0]LogShaderCompilers: Display: Using Local Shader Compiler.
[2020.03.23-14.41.59:236][  0]LogDerivedDataCache: Display: Max Cache Size: 512 MB
[2020.03.23-14.41.59:306][  0]LogDerivedDataCache: Loaded boot cache 0.07s 78MB C:/Users/telic/AppData/Local/UnrealEngine/4.24/DerivedDataCache/Boot.ddc.
[2020.03.23-14.41.59:306][  0]LogDerivedDataCache: Display: Loaded Boot cache: C:/Users/telic/AppData/Local/UnrealEngine/4.24/DerivedDataCache/Boot.ddc
[2020.03.23-14.41.59:306][  0]LogDerivedDataCache: FDerivedDataBackendGraph:  Pak pak cache file ../../../../../MyProjects/ArcadeBattleRoyale/ArcadeBattleRoyale/ArcadeBattleRoyale/DerivedDataCache/DDC.ddp not found, will not use a pak cache.
[2020.03.23-14.41.59:306][  0]LogDerivedDataCache: Unable to find inner node Pak for hierarchical cache Hierarchy.
[2020.03.23-14.41.59:306][  0]LogDerivedDataCache: FDerivedDataBackendGraph:  CompressedPak pak cache file ../../../../../MyProjects/ArcadeBattleRoyale/ArcadeBattleRoyale/ArcadeBattleRoyale/DerivedDataCache/Compressed.ddp not found, will not use a pak cache.
[2020.03.23-14.41.59:306][  0]LogDerivedDataCache: Unable to find inner node CompressedPak for hierarchical cache Hierarchy.
[2020.03.23-14.41.59:317][  0]LogDerivedDataCache: Display: Pak cache opened for reading ../../../Engine/DerivedDataCache/Compressed.ddp.
[2020.03.23-14.41.59:317][  0]LogDerivedDataCache: FDerivedDataBackendGraph:  EnterprisePak pak cache file ../../../Enterprise/DerivedDataCache/Compressed.ddp not found, will not use a pak cache.
[2020.03.23-14.41.59:317][  0]LogDerivedDataCache: Unable to find inner node EnterprisePak for hierarchical cache Hierarchy.
[2020.03.23-14.41.59:318][  0]LogDerivedDataCache: Using Local data cache path C:/Users/telic/AppData/Local/UnrealEngine/Common/DerivedDataCache: Writable
[2020.03.23-14.41.59:318][  0]LogDerivedDataCache: Shared data cache path not found in *engine.ini, will not use an Shared cache.
[2020.03.23-14.41.59:318][  0]LogDerivedDataCache: Unable to find inner node Shared for hierarchical cache Hierarchy.
[2020.03.23-14.41.59:346][  0]LogMaterial: Verifying Global Shaders for PCD3D_SM5
[2020.03.23-14.41.59:349][  0]LogSlate: Using FreeType 2.10.0
[2020.03.23-14.41.59:349][  0]LogSlate: SlateFontServices - WITH_FREETYPE: 1, WITH_HARFBUZZ: 1
[2020.03.23-14.41.59:400][  0]LogAssetRegistry: FAssetRegistry took 0.0026 seconds to start up
[2020.03.23-14.41.59:694][  0]LogInit: Selected Device Profile: [Windows]
[2020.03.23-14.41.59:855][  0]LogMeshReduction: Using QuadricMeshReduction for automatic static mesh reduction
[2020.03.23-14.41.59:856][  0]LogMeshReduction: Using SimplygonMeshReduction for automatic skeletal mesh reduction
[2020.03.23-14.41.59:856][  0]LogMeshReduction: Using ProxyLODMeshReduction for automatic mesh merging
[2020.03.23-14.41.59:856][  0]LogMeshReduction: No distributed automatic mesh merging module available
[2020.03.23-14.41.59:856][  0]LogMeshMerging: No distributed automatic mesh merging module available
[2020.03.23-14.41.59:871][  0]LogNetVersion: ArcadeBattleRoyale 1.0.0, NetCL: 10570792, EngineNetVer: 13, GameNetVer: 0 (Checksum: 688050343)
[2020.03.23-14.42.01:225][  0]LogPackageLocalizationCache: Processed 10 localized package path(s) for 1 prioritized culture(s) in 0.206385 seconds
[2020.03.23-14.42.01:233][  0]LogUObjectArray: 46750 objects as part of root set at end of initial load.
[2020.03.23-14.42.01:233][  0]LogUObjectAllocator: 8137160 out of 0 bytes used by permanent object pool.
[2020.03.23-14.42.01:233][  0]LogUObjectArray: CloseDisregardForGC: 0/0 objects in disregard for GC pool
[2020.03.23-14.42.01:727][  0]LogTcpMessaging: Initializing TcpMessaging bridge
[2020.03.23-14.42.01:730][  0]LogUdpMessaging: Initializing bridge on interface 0.0.0.0:0 to multicast group 230.0.0.1:6666.
[2020.03.23-14.42.01:774][  0]SourceControl: Source control is disabled
[2020.03.23-14.42.01:774][  0]SourceControl: Source control is disabled
[2020.03.23-14.42.01:775][  0]SourceControl: Source control is disabled
[2020.03.23-14.42.01:776][  0]SourceControl: Source control is disabled
[2020.03.23-14.42.01:776][  0]SourceControl: Source control is disabled
[2020.03.23-14.42.01:892][  0]LogAndroidPermission: UAndroidPermissionCallbackProxy::GetInstance
[2020.03.23-14.42.01:901][  0]LogAudioCaptureCore: Display: No Audio Capture implementations found. Audio input will be silent.
[2020.03.23-14.42.01:901][  0]LogAudioCaptureCore: Display: No Audio Capture implementations found. Audio input will be silent.
[2020.03.23-14.42.01:984][  0]LogOcInput: OculusInput pre-init called
[2020.03.23-14.42.01:989][  0]LogWindows: Failed to load 'OVRPlugin.dll' (GetLastError=126)
[2020.03.23-14.42.01:990][  0]LogWindows: File 'OVRPlugin.dll' does not exist
[2020.03.23-14.42.02:057][  0]LogEngine: Initializing Engine...
[2020.03.23-14.42.02:058][  0]LogHMD: Failed to initialize OpenVR with code 110
[2020.03.23-14.42.02:059][  0]LogStats: UGameplayTagsManager::InitializeManager -  0.000 s
[2020.03.23-14.42.02:421][  0]LogInit: Initializing FReadOnlyCVARCache
[2020.03.23-14.42.02:428][  0]LogAIModule: Creating AISystem for world Untitled
[2020.03.23-14.42.02:449][  0]LogAudioMixer: Display: Audio Mixer Platform Settings:
[2020.03.23-14.42.02:449][  0]LogAudioMixer: Display: 	Sample Rate:						  48000
[2020.03.23-14.42.02:449][  0]LogAudioMixer: Display: 	Callback Buffer Frame Size Requested: 1024
[2020.03.23-14.42.02:449][  0]LogAudioMixer: Display: 	Callback Buffer Frame Size To Use:	  1024
[2020.03.23-14.42.02:449][  0]LogAudioMixer: Display: 	Number of buffers to queue:			  2
[2020.03.23-14.42.02:449][  0]LogAudioMixer: Display: 	Max Channels (voices):				  32
[2020.03.23-14.42.02:449][  0]LogAudioMixer: Display: 	Number of Async Source Workers:		  0
[2020.03.23-14.42.02:449][  0]LogAudio: Display: AudioDevice MaxSources: 32
[2020.03.23-14.42.02:450][  0]LogAudio: Display: Using built-in audio occlusion.
[2020.03.23-14.42.02:450][  0]LogAudioMixer: Display: Initializing audio mixer.
[2020.03.23-14.42.02:457][  0]LogAudioMixer: Display: Audio Device Output Speaker Info:
[2020.03.23-14.42.02:457][  0]LogAudioMixer: Display: Name: Lautsprecher (Realtek High Definition Audio)
[2020.03.23-14.42.02:457][  0]LogAudioMixer: Display: Is Default: Yes
[2020.03.23-14.42.02:457][  0]LogAudioMixer: Display: Sample Rate: 44100
[2020.03.23-14.42.02:457][  0]LogAudioMixer: Display: Channel Count Used: 2
[2020.03.23-14.42.02:457][  0]LogAudioMixer: Display: Device Channel Count: 2
[2020.03.23-14.42.02:457][  0]LogAudioMixer: Display: Channel Order:
[2020.03.23-14.42.02:457][  0]LogAudioMixer: Display: 0: FrontLeft
[2020.03.23-14.42.02:457][  0]LogAudioMixer: Display: 1: FrontRight
[2020.03.23-14.42.02:503][  0]LogAudioMixer: Display: Using Audio Device Lautsprecher (Realtek High Definition Audio)
[2020.03.23-14.42.02:511][  0]LogInit: FAudioDevice initialized.
[2020.03.23-14.42.02:511][  0]LogNetVersion: Set ProjectVersion to 1.0.0.0. Version Checksum will be recalculated on next use.
[2020.03.23-14.42.03:086][  0]LogDerivedDataCache: Saved boot cache 0.58s 78MB C:/Users/telic/AppData/Local/UnrealEngine/4.24/DerivedDataCache/Boot.ddc.
[2020.03.23-14.42.03:091][  0]LogInit: Texture streaming: Enabled
[2020.03.23-14.42.03:100][  0]LogEngineSessionManager: EngineSessionManager initialized
[2020.03.23-14.42.03:100][  0]LogEditorSessionSummary: Verbose: Initializing EditorSessionSummaryWriter for editor session tracking
[2020.03.23-14.42.03:102][  0]LogEditorSessionSummary: EditorSessionSummaryWriter initialized
[2020.03.23-14.42.03:236][  0]LogInit: Transaction tracking system initialized
[2020.03.23-14.42.03:244][  0]BlueprintLog: New page: Editor Load
[2020.03.23-14.42.03:305][  0]LocalizationService: Localization service is disabled
[2020.03.23-14.42.04:011][  0]LogFileCache: Scanning file cache for directory 'D:/MyProjects/ArcadeBattleRoyale/ArcadeBattleRoyale/ArcadeBattleRoyale/Content/' took 0.24s
[2020.03.23-14.42.04:011][  0]LogCook: Display: Max memory allowance for cook 16384mb min free memory 0mb
[2020.03.23-14.42.04:011][  0]LogCook: Display: Mobile HDR setting 1
[2020.03.23-14.42.04:730][  0]SourceControl: Source control is disabled
[2020.03.23-14.42.05:021][  0]LogSlate: Took 0.001295 seconds to synchronously load lazily loaded font '../../../Engine/Content/Slate/Fonts/Roboto-Regular.ttf' (155K)
[2020.03.23-14.42.44:963][  0]LogSlate: Window 'Restore Packages' being destroyed
[2020.03.23-14.42.44:964][  0]LogWindowsTextInputMethodSystem: Display: IME system now deactivated.
[2020.03.23-14.42.44:967][  0]LogWindowsTextInputMethodSystem: Display: IME system now deactivated.
[2020.03.23-14.42.44:993][  0]Cmd: MAP LOAD FILE="../../../../../MyProjects/ArcadeBattleRoyale/ArcadeBattleRoyale/ArcadeBattleRoyale/Content/Levels/L_Test.umap" TEMPLATE=0 SHOWPROGRESS=1 FEATURELEVEL=3
[2020.03.23-14.42.44:994][  0]LightingResults: New page: Lighting Build
[2020.03.23-14.42.44:994][  0]LogWorld: UWorld::CleanupWorld for Untitled, bSessionEnded=true, bCleanupResources=true
[2020.03.23-14.42.44:994][  0]LogSlate: InvalidateAllWidgets triggered.  All widgets were invalidated
[2020.03.23-14.42.44:995][  0]MapCheck: New page: Map Check
[2020.03.23-14.42.44:995][  0]LightingResults: New page: Lighting Build
[2020.03.23-14.42.45:031][  0]LogUObjectHash: Compacting FUObjectHashTables data took   2.00ms
[2020.03.23-14.42.45:461][  0]LogAIModule: Creating AISystem for world L_Test
[2020.03.23-14.42.45:465][  0]LogEditorServer: Finished looking for orphan Actors (0.000 secs)
[2020.03.23-14.42.45:497][  0]LogUObjectHash: Compacting FUObjectHashTables data took   2.51ms
[2020.03.23-14.42.45:497][  0]Cmd: MAP CHECKDEP NOCLEARLOG
[2020.03.23-14.42.45:497][  0]MapCheck: Map check complete: 0 Error(s), 0 Warning(s), took 0,095ms to complete.
[2020.03.23-14.42.45:497][  0]LogFileHelpers: Loading map 'L_Test' took 0.504
[2020.03.23-14.42.46:129][  0]LogSlate: Updating window title bar state: overlay mode, drag disabled, window buttons hidden, title bar hidden
[2020.03.23-14.42.46:159][  0]LogSlate: Updating window title bar state: overlay mode, drag disabled, window buttons hidden, title bar hidden
[2020.03.23-14.42.46:166][  0]LogSlate: Updating window title bar state: overlay mode, drag disabled, window buttons hidden, title bar hidden
[2020.03.23-14.42.46:173][  0]LogSlate: Updating window title bar state: overlay mode, drag disabled, window buttons hidden, title bar hidden
[2020.03.23-14.42.46:312][  0]LogCollectionManager: Loaded 0 collections in 0.000715 seconds
[2020.03.23-14.42.46:486][  0]LogFileCache: Scanning file cache for directory 'D:/MyProjects/ArcadeBattleRoyale/ArcadeBattleRoyale/ArcadeBattleRoyale/Saved/Collections/' took 0.00s
[2020.03.23-14.42.46:486][  0]LogFileCache: Scanning file cache for directory 'D:/MyProjects/ArcadeBattleRoyale/ArcadeBattleRoyale/ArcadeBattleRoyale/Content/Developers/telic/Collections/' took 0.00s
[2020.03.23-14.42.46:486][  0]LogFileCache: Scanning file cache for directory 'D:/MyProjects/ArcadeBattleRoyale/ArcadeBattleRoyale/ArcadeBattleRoyale/Content/Collections/' took 0.00s
[2020.03.23-14.42.46:486][  0]LogContentBrowser: Native class hierarchy populated in 0.0154 seconds. Added 3015 classes and 717 folders.
[2020.03.23-14.42.46:785][  0]LogContentBrowser: Native class hierarchy updated for 'WidgetCarousel' in 0.0003 seconds. Added 0 classes and 0 folders.
[2020.03.23-14.42.48:409][  0]LogContentBrowser: Native class hierarchy updated for 'AddContentDialog' in 0.0003 seconds. Added 0 classes and 0 folders.
[2020.03.23-14.42.48:519][  0]LogContentBrowser: Native class hierarchy updated for 'SceneOutliner' in 0.0003 seconds. Added 2 classes and 3 folders.
[2020.03.23-14.42.48:899][  0]LogSlate: Took 0.000164 seconds to synchronously load lazily loaded font '../../../Engine/Content/Slate/Fonts/Roboto-Bold.ttf' (160K)
[2020.03.23-14.42.48:929][  0]LogSlate: Took 0.023527 seconds to synchronously load lazily loaded font '../../../Engine/Content/Editor/Slate/Fonts/FontAwesome.ttf' (139K)
[2020.03.23-14.42.49:180][  0]LogRenderer: Reallocating scene render targets to support 964x400 Format 10 NumSamples 1 (Frame:1).
[2020.03.23-14.42.49:507][  0]LogContentBrowser: Native class hierarchy updated for 'HierarchicalLODOutliner' in 0.0003 seconds. Added 0 classes and 0 folders.
[2020.03.23-14.42.49:507][  0]LogLoad: (Engine Initialization) Total time: 53.90 seconds
[2020.03.23-14.42.49:507][  0]LogLoad: (Engine Initialization) Total Blueprint compile time: 0.00 seconds
[2020.03.23-14.42.49:663][  0]LogAssetRegistry: Asset discovery search completed in 50.2639 seconds
[2020.03.23-14.42.49:667][  0]LogCollectionManager: Fixed up redirectors for 0 collections in 0.000008 seconds (updated 0 objects)
[2020.03.23-14.42.49:680][  0]LogContentStreaming: Texture pool size now 1000 MB
[2020.03.23-14.42.49:880][  0]LogSlate: Took 0.030032 seconds to synchronously load lazily loaded font '../../../Engine/Content/Slate/Fonts/Roboto-Light.ttf' (167K)
[2020.03.23-14.42.50:622][ 37]LogSlate: Took 0.000222 seconds to synchronously load lazily loaded font '../../../Engine/Content/Slate/Fonts/Roboto-Light.ttf' (167K)
[2020.03.23-14.42.55:732][389]LogAssetEditorSubsystem: Opening Asset editor for Blueprint /Game/Blueprints/BP_Sphere_Pawn.BP_Sphere_Pawn
[2020.03.23-14.42.56:582][389]LogContentBrowser: Native class hierarchy updated for 'BlueprintGraph' in 0.0006 seconds. Added 121 classes and 0 folders.
[2020.03.23-14.42.58:328][389]LogSlate: Took 0.000192 seconds to synchronously load lazily loaded font '../../../Engine/Content/Slate/Fonts/Roboto-BoldCondensed.ttf' (158K)
[2020.03.23-14.42.58:657][390]LogSlate: Took 0.018701 seconds to synchronously load lazily loaded font '../../../Engine/Content/Slate/Fonts/Roboto-Italic.ttf' (157K)
[2020.03.23-14.43.00:466][495]LogSlate: Window 'BP_Sphere_Pawn' being destroyed
[2020.03.23-14.43.00:492][496]LogRenderer: Reallocating scene render targets to support 1204x500 Format 10 NumSamples 1 (Frame:454).
[2020.03.23-14.43.01:897][595]LogAssetEditorSubsystem: Opening Asset editor for Blueprint /Game/Blueprints/BP_Playercontroller.BP_Playercontroller
[2020.03.23-14.43.11:813][508]LogTemp: Repeating last play command: New Editor Window (PIE)
[2020.03.23-14.43.11:840][508]LogPlayLevel: PlayLevel: No blueprints needed recompiling
[2020.03.23-14.43.11:872][508]PIE: New page: PIE session: L_Test (23.03.2020, 16:43:11)
[2020.03.23-14.43.11:873][508]LogOnline: OSS: Creating online subsystem instance for: NULL
[2020.03.23-14.43.11:874][508]LogOnline: OSS: TryLoadSubsystemAndSetDefault: Loaded subsystem for module [NULL]
[2020.03.23-14.43.11:874][508]LogPlayLevel: Creating play world package: /Game/Levels/UEDPIE_1_L_Test
[2020.03.23-14.43.11:875][508]LogPlayLevel: PIE: StaticDuplicateObject took: (0.001318s)
[2020.03.23-14.43.11:876][508]LogAIModule: Creating AISystem for world L_Test
[2020.03.23-14.43.11:877][508]LogPlayLevel: PIE: World Init took: (0.001192s)
[2020.03.23-14.43.11:877][508]LogPlayLevel: PIE: Created PIE world by copying editor world from /Game/Levels/L_Test.L_Test to /Game/Levels/UEDPIE_1_L_Test.L_Test (0.002725s)
[2020.03.23-14.43.11:918][508]LogUObjectHash: Compacting FUObjectHashTables data took   4.32ms
[2020.03.23-14.43.11:935][508]LogLoad: Game class is 'BP_GameMode_C'
[2020.03.23-14.43.11:937][508]LogWorld: Bringing World /Game/Levels/UEDPIE_1_L_Test.L_Test up for play (max tick rate 0) at 2020.03.23-15.43.11
[2020.03.23-14.43.11:937][508]LogWorld: Bringing up level for play took: 0.000535
[2020.03.23-14.43.11:937][508]LogNet: ReplicationDriverClass is null! Not using ReplicationDriver.
[2020.03.23-14.43.11:938][508]LogNetCore: DDoS detection status: detection enabled: 0 analytics enabled: 0
[2020.03.23-14.43.11:940][508]LogInit: WinSock: I am DESKTOP-CMHHPDR (192.168.0.101:0)
[2020.03.23-14.43.11:940][508]LogInit: WinSock: Socket queue. Rx: 131072 (config 131072) Tx: 131072 (config 131072)
[2020.03.23-14.43.11:940][508]PacketHandlerLog: Loaded PacketHandler component: Engine.EngineHandlerComponentFactory (StatelessConnectHandlerComponent)
[2020.03.23-14.43.11:940][508]LogNet: GameNetDriver IpNetDriver_0 IpNetDriver listening on port 17777
[2020.03.23-14.43.11:940][508]PIE: Play in editor start time for /Game/Levels/UEDPIE_1_L_Test 1,008
[2020.03.23-14.43.11:942][508]LogAudioMixer: Display: Audio Mixer Platform Settings:
[2020.03.23-14.43.11:942][508]LogAudioMixer: Display: 	Sample Rate:						  48000
[2020.03.23-14.43.11:942][508]LogAudioMixer: Display: 	Callback Buffer Frame Size Requested: 1024
[2020.03.23-14.43.11:942][508]LogAudioMixer: Display: 	Callback Buffer Frame Size To Use:	  1024
[2020.03.23-14.43.11:942][508]LogAudioMixer: Display: 	Number of buffers to queue:			  2
[2020.03.23-14.43.11:942][508]LogAudioMixer: Display: 	Max Channels (voices):				  32
[2020.03.23-14.43.11:942][508]LogAudioMixer: Display: 	Number of Async Source Workers:		  0
[2020.03.23-14.43.11:942][508]LogAudio: Display: AudioDevice MaxSources: 32
[2020.03.23-14.43.11:942][508]LogAudio: Display: Using built-in audio occlusion.
[2020.03.23-14.43.11:942][508]LogAudioMixer: Display: Initializing audio mixer.
[2020.03.23-14.43.11:946][508]LogAudioMixer: Display: Audio Device Output Speaker Info:
[2020.03.23-14.43.11:946][508]LogAudioMixer: Display: Name: Lautsprecher (Realtek High Definition Audio)
[2020.03.23-14.43.11:946][508]LogAudioMixer: Display: Is Default: Yes
[2020.03.23-14.43.11:946][508]LogAudioMixer: Display: Sample Rate: 44100
[2020.03.23-14.43.11:946][508]LogAudioMixer: Display: Channel Count Used: 2
[2020.03.23-14.43.11:946][508]LogAudioMixer: Display: Device Channel Count: 2
[2020.03.23-14.43.11:946][508]LogAudioMixer: Display: Channel Order:
[2020.03.23-14.43.11:946][508]LogAudioMixer: Display: 0: FrontLeft
[2020.03.23-14.43.11:946][508]LogAudioMixer: Display: 1: FrontRight
[2020.03.23-14.43.11:986][508]LogAudioMixer: Display: Using Audio Device Lautsprecher (Realtek High Definition Audio)
[2020.03.23-14.43.11:988][508]LogInit: FAudioDevice initialized.
[2020.03.23-14.43.12:036][508]LogSlate: Updating window title bar state: overlay mode, drag disabled, window buttons hidden, title bar hidden
[2020.03.23-14.43.12:036][508]LogNet: Browse: 127.0.0.1:17777//Game/Levels/L_Test
[2020.03.23-14.43.12:037][508]LogInit: WinSock: Socket queue. Rx: 32768 (config 32768) Tx: 32768 (config 32768)
[2020.03.23-14.43.12:037][508]PacketHandlerLog: Loaded PacketHandler component: Engine.EngineHandlerComponentFactory (StatelessConnectHandlerComponent)
[2020.03.23-14.43.12:037][508]LogNet: Game client on port 17777, rate 10000
[2020.03.23-14.43.12:040][508]PIE: Play in editor start time for /Game/Levels/L_Test 1,108
[2020.03.23-14.43.12:105][508]LogSlate: Updating window title bar state: overlay mode, drag disabled, window buttons hidden, title bar hidden
[2020.03.23-14.43.12:105][508]LogNet: Browse: 127.0.0.1:17777//Game/Levels/L_Test
[2020.03.23-14.43.12:106][508]LogInit: WinSock: Socket queue. Rx: 32768 (config 32768) Tx: 32768 (config 32768)
[2020.03.23-14.43.12:106][508]PacketHandlerLog: Loaded PacketHandler component: Engine.EngineHandlerComponentFactory (StatelessConnectHandlerComponent)
[2020.03.23-14.43.12:106][508]LogNet: Game client on port 17777, rate 10000
[2020.03.23-14.43.12:108][508]PIE: Play in editor start time for /Game/Levels/L_Test 1,176
[2020.03.23-14.43.12:113][508]LogNet: NotifyAcceptingConnection accepted from: 127.0.0.1:55558
[2020.03.23-14.43.12:148][508]LogHandshake: SendConnectChallenge. Timestamp: 0.008333, Cookie: 070081170235193153012000101204138166029111187018084177189066
[2020.03.23-14.43.12:148][508]LogNet: NotifyAcceptingConnection accepted from: 127.0.0.1:55559
[2020.03.23-14.43.12:148][508]LogHandshake: SendConnectChallenge. Timestamp: 0.008333, Cookie: 249191047237221011092153028106082112177046196132122058251194
[2020.03.23-14.43.12:240][508]LogOnline: OSS: Creating online subsystem instance for: :Context_4
[2020.03.23-14.43.12:241][508]LogHandshake: SendChallengeResponse. Timestamp: 0.008333, Cookie: 070081170235193153012000101204138166029111187018084177189066
[2020.03.23-14.43.12:242][508]LogHandshake: SendChallengeResponse. Timestamp: 0.008333, Cookie: 249191047237221011092153028106082112177046196132122058251194
[2020.03.23-14.43.12:698][509]LogNet: NotifyAcceptingConnection accepted from: 127.0.0.1:55558
[2020.03.23-14.43.12:698][509]LogHandshake: SendChallengeAck. InCookie: 070081170235193153012000101204138166029111187018084177189066
[2020.03.23-14.43.12:698][509]LogNet: Server accepting post-challenge connection from: 127.0.0.1:55558
[2020.03.23-14.43.12:698][509]PacketHandlerLog: Loaded PacketHandler component: Engine.EngineHandlerComponentFactory (StatelessConnectHandlerComponent)
[2020.03.23-14.43.12:699][509]LogNet: NotifyAcceptedConnection: Name: L_Test, TimeStamp: 03/23/20 15:43:12, [UNetConnection] RemoteAddr: 127.0.0.1:55558, Name: IpConnection_2, Driver: GameNetDriver IpNetDriver_0, IsServer: YES, PC: NULL, Owner: NULL, UniqueId: INVALID
[2020.03.23-14.43.12:699][509]LogNet: AddClientConnection: Added client connection: [UNetConnection] RemoteAddr: 127.0.0.1:55558, Name: IpConnection_2, Driver: GameNetDriver IpNetDriver_0, IsServer: YES, PC: NULL, Owner: NULL, UniqueId: INVALID
[2020.03.23-14.43.12:699][509]LogNet: NotifyAcceptingConnection accepted from: 127.0.0.1:55559
[2020.03.23-14.43.12:699][509]LogHandshake: SendChallengeAck. InCookie: 249191047237221011092153028106082112177046196132122058251194
[2020.03.23-14.43.12:699][509]LogNet: Server accepting post-challenge connection from: 127.0.0.1:55559
[2020.03.23-14.43.12:699][509]PacketHandlerLog: Loaded PacketHandler component: Engine.EngineHandlerComponentFactory (StatelessConnectHandlerComponent)
[2020.03.23-14.43.12:699][509]LogNet: NotifyAcceptedConnection: Name: L_Test, TimeStamp: 03/23/20 15:43:12, [UNetConnection] RemoteAddr: 127.0.0.1:55559, Name: IpConnection_3, Driver: GameNetDriver IpNetDriver_0, IsServer: YES, PC: NULL, Owner: NULL, UniqueId: INVALID
[2020.03.23-14.43.12:700][509]LogNet: AddClientConnection: Added client connection: [UNetConnection] RemoteAddr: 127.0.0.1:55559, Name: IpConnection_3, Driver: GameNetDriver IpNetDriver_0, IsServer: YES, PC: NULL, Owner: NULL, UniqueId: INVALID
[2020.03.23-14.43.12:700][509]LogNetVersion: ArcadeBattleRoyale 1.0.0.0, NetCL: 10570792, EngineNetVer: 13, GameNetVer: 0 (Checksum: 766923856)
[2020.03.23-14.43.12:700][509]LogNet: UPendingNetGame::SendInitialJoin: Sending hello. [UNetConnection] RemoteAddr: 127.0.0.1:17777, Name: IpConnection_0, Driver: PendingNetDriver IpNetDriver_1, IsServer: NO, PC: NULL, Owner: NULL, UniqueId: INVALID
[2020.03.23-14.43.12:700][509]LogNet: UPendingNetGame::SendInitialJoin: Sending hello. [UNetConnection] RemoteAddr: 127.0.0.1:17777, Name: IpConnection_1, Driver: PendingNetDriver IpNetDriver_2, IsServer: NO, PC: NULL, Owner: NULL, UniqueId: INVALID
[2020.03.23-14.43.12:706][510]LogNet: NotifyAcceptingChannel Control 0 server World /Game/Levels/UEDPIE_1_L_Test.L_Test: Accepted
[2020.03.23-14.43.12:706][510]LogNet: Remote platform little endian=1
[2020.03.23-14.43.12:706][510]LogNet: This platform little endian=1
[2020.03.23-14.43.12:706][510]LogNet: NotifyAcceptingChannel Control 0 server World /Game/Levels/UEDPIE_1_L_Test.L_Test: Accepted
[2020.03.23-14.43.12:706][510]LogNet: Remote platform little endian=1
[2020.03.23-14.43.12:706][510]LogNet: This platform little endian=1
[2020.03.23-14.43.12:707][510]LogOnline: OSS: Creating online subsystem instance for: :Context_5
[2020.03.23-14.43.12:709][510]LogOnline: OSS: Creating online subsystem instance for: :Context_6
[2020.03.23-14.43.12:736][511]LogNet: Login request: /Game/Levels/L_Test?Name=DESKTOP-CMHHPDR-B49BB0124ED23313576B1BB681484CC9 userId: NULL:DESKTOP-CMHHPDR-B49BB0124ED23313576B1BB681484CC9 platform: NULL
[2020.03.23-14.43.12:736][511]LogNet: Login request: /Game/Levels/L_Test?Name=DESKTOP-CMHHPDR-6DDD19B4473150D9812C7AB0F4FC4A2B userId: NULL:DESKTOP-CMHHPDR-6DDD19B4473150D9812C7AB0F4FC4A2B platform: NULL
[2020.03.23-14.43.12:736][511]LogNet: Welcomed by server (Level: /Game/Levels/UEDPIE_1_L_Test, Game: /Game/Blueprints/BP_GameMode.BP_GameMode_C)
[2020.03.23-14.43.12:738][511]LogLoad: LoadMap: 127.0.0.1:17777//Game/Levels/UEDPIE_1_L_Test?game=/Game/Blueprints/BP_GameMode.BP_GameMode_C
[2020.03.23-14.43.12:738][511]LogWorld: BeginTearingDown for /Temp/Untitled_1
[2020.03.23-14.43.12:738][511]LogWorld: UWorld::CleanupWorld for Untitled, bSessionEnded=true, bCleanupResources=true
[2020.03.23-14.43.12:738][511]LogSlate: InvalidateAllWidgets triggered.  All widgets were invalidated
[2020.03.23-14.43.12:738][511]LogAudioMixer: Display: No commands were queued while flushing the source manager.
[2020.03.23-14.43.12:804][511]LogUObjectHash: Compacting FUObjectHashTables data took   4.56ms
[2020.03.23-14.43.12:810][511]LogAIModule: Creating AISystem for world L_Test
[2020.03.23-14.43.12:811][511]LogWorld: Bringing World /Game/Levels/UEDPIE_2_L_Test.L_Test up for play (max tick rate 0) at 2020.03.23-15.43.12
[2020.03.23-14.43.12:811][511]LogWorld: Bringing up level for play took: 0.000331
[2020.03.23-14.43.12:812][511]LogLoad: Took 0.075153 seconds to LoadMap(/Game/Levels/UEDPIE_1_L_Test)
[2020.03.23-14.43.12:812][511]LogNet: Welcomed by server (Level: /Game/Levels/UEDPIE_1_L_Test, Game: /Game/Blueprints/BP_GameMode.BP_GameMode_C)
[2020.03.23-14.43.12:812][511]LogLoad: LoadMap: 127.0.0.1:17777//Game/Levels/UEDPIE_1_L_Test?game=/Game/Blueprints/BP_GameMode.BP_GameMode_C
[2020.03.23-14.43.12:812][511]LogWorld: BeginTearingDown for /Temp/Untitled_2
[2020.03.23-14.43.12:812][511]LogWorld: UWorld::CleanupWorld for Untitled, bSessionEnded=true, bCleanupResources=true
[2020.03.23-14.43.12:812][511]LogSlate: InvalidateAllWidgets triggered.  All widgets were invalidated
[2020.03.23-14.43.12:812][511]LogAudioMixer: Display: No commands were queued while flushing the source manager.
[2020.03.23-14.43.12:898][511]LogUObjectHash: Compacting FUObjectHashTables data took   3.82ms
[2020.03.23-14.43.12:901][511]LogAIModule: Creating AISystem for world L_Test
[2020.03.23-14.43.12:903][511]LogWorld: Bringing World /Game/Levels/UEDPIE_3_L_Test.L_Test up for play (max tick rate 0) at 2020.03.23-15.43.12
[2020.03.23-14.43.12:903][511]LogWorld: Bringing up level for play took: 0.000419
[2020.03.23-14.43.12:903][511]LogLoad: Took 0.090848 seconds to LoadMap(/Game/Levels/UEDPIE_1_L_Test)
[2020.03.23-14.43.12:917][512]LogNet: Client netspeed is 10000
[2020.03.23-14.43.12:917][512]LogNet: Join request: /Game/Levels/L_Test?Name=DESKTOP-CMHHPDR-B49BB0124ED23313576B1BB681484CC9?SplitscreenCount=1
[2020.03.23-14.43.12:917][512]LogOnlineSession: Warning: OSS: No game present to join for session (GameSession)
[2020.03.23-14.43.12:919][512]LogBlueprintUserMessages: [BP_GameMode_C_0] Server: Player connected: BP_Playercontroller
[2020.03.23-14.43.12:919][512]LogNet: Join succeeded: DESKTOP-CMHHPDR-B49B
[2020.03.23-14.43.12:919][512]LogNet: Client netspeed is 10000
[2020.03.23-14.43.12:919][512]LogNet: Join request: /Game/Levels/L_Test?Name=DESKTOP-CMHHPDR-6DDD19B4473150D9812C7AB0F4FC4A2B?SplitscreenCount=1
[2020.03.23-14.43.12:919][512]LogOnlineSession: Warning: OSS: No game present to join for session (GameSession)
[2020.03.23-14.43.12:920][512]LogBlueprintUserMessages: [BP_GameMode_C_0] Server: Player connected: BP_Playercontroller1
[2020.03.23-14.43.12:920][512]LogNet: Join succeeded: DESKTOP-CMHHPDR-6DDD
[2020.03.23-14.43.12:989][513]LogRenderer: Reallocating scene render targets to support 1204x576 Format 10 NumSamples 1 (Frame:1).
[2020.03.23-14.43.13:800][545]LogOnlineSession: Warning: OSS: No game present to join for session (GameSession)
[2020.03.23-14.43.13:801][545]LogOnlineSession: Warning: OSS: No game present to join for session (GameSession)
[2020.03.23-14.43.13:970][554]LogOnlineSession: Warning: OSS: No game present to join for session (GameSession)
[2020.03.23-14.43.14:050][558]LogOnlineSession: Warning: OSS: No game present to join for session (GameSession)
[2020.03.23-14.43.25:306][182]LogAudioMixer: Display: Flush succeeded in the source manager command queue (1).
[2020.03.23-14.43.25:325][182]LogAudioMixer: Display: Flush succeeded the source manager command queue (2).
[2020.03.23-14.43.25:325][182]LogAudioMixer: Display: No commands were queued while flushing the source manager.
[2020.03.23-14.43.25:326][182]LogSlate: Updating window title bar state: overlay mode, drag disabled, window buttons hidden, title bar hidden
[2020.03.23-14.43.25:326][182]LogWorld: BeginTearingDown for /Game/Levels/UEDPIE_3_L_Test
[2020.03.23-14.43.25:343][182]LogSlate: Window 'ArcadeBattleRoyale Game Preview Client 2 (64-bit/PCD3D_SM5)' being destroyed
[2020.03.23-14.43.25:345][182]LogAudioMixer: Display: No commands were queued while flushing the source manager.
[2020.03.23-14.43.25:345][182]LogWorld: UWorld::CleanupWorld for L_Test, bSessionEnded=true, bCleanupResources=true
[2020.03.23-14.43.25:346][182]LogSlate: InvalidateAllWidgets triggered.  All widgets were invalidated
[2020.03.23-14.43.25:356][182]LogNet: World NetDriver shutdown IpNetDriver_2 [GameNetDriver]
[2020.03.23-14.43.25:356][182]LogNet: DestroyNamedNetDriver IpNetDriver_2 [GameNetDriver]
[2020.03.23-14.43.25:356][182]LogNet: UNetConnection::Close: [UNetConnection] RemoteAddr: 127.0.0.1:17777, Name: IpConnection_1, Driver: GameNetDriver IpNetDriver_2, IsServer: NO, PC: BP_Playercontroller_C_0, Owner: BP_Playercontroller_C_0, UniqueId: NULL:DESKTOP-CMHHPDR-6DDD19B4473150D9812C7AB0F4FC4A2B, Channels: 10, Time: 2020.03.23-14.43.25
[2020.03.23-14.43.25:356][182]LogNet: UChannel::Close: Sending CloseBunch. ChIndex == 0. Name: [UChannel] ChIndex: 0, Closing: 0 [UNetConnection] RemoteAddr: 127.0.0.1:17777, Name: IpConnection_1, Driver: GameNetDriver IpNetDriver_2, IsServer: NO, PC: BP_Playercontroller_C_0, Owner: BP_Playercontroller_C_0, UniqueId: NULL:DESKTOP-CMHHPDR-6DDD19B4473150D9812C7AB0F4FC4A2B
[2020.03.23-14.43.25:356][182]LogExit: GameNetDriver IpNetDriver_2 shut down
[2020.03.23-14.43.25:357][182]LogWorld: BeginTearingDown for /Game/Levels/UEDPIE_2_L_Test
[2020.03.23-14.43.25:357][182]LogSlate: Updating window title bar state: overlay mode, drag disabled, window buttons hidden, title bar hidden
[2020.03.23-14.43.25:376][182]LogSlate: Window 'ArcadeBattleRoyale Game Preview Client 1 (64-bit/PCD3D_SM5)' being destroyed
[2020.03.23-14.43.25:380][182]LogAudioMixer: Display: No commands were queued while flushing the source manager.
[2020.03.23-14.43.25:380][182]LogWorld: UWorld::CleanupWorld for L_Test, bSessionEnded=true, bCleanupResources=true
[2020.03.23-14.43.25:381][182]LogSlate: InvalidateAllWidgets triggered.  All widgets were invalidated
[2020.03.23-14.43.25:385][182]LogNet: World NetDriver shutdown IpNetDriver_1 [GameNetDriver]
[2020.03.23-14.43.25:385][182]LogNet: DestroyNamedNetDriver IpNetDriver_1 [GameNetDriver]
[2020.03.23-14.43.25:386][182]LogNet: UNetConnection::Close: [UNetConnection] RemoteAddr: 127.0.0.1:17777, Name: IpConnection_0, Driver: GameNetDriver IpNetDriver_1, IsServer: NO, PC: BP_Playercontroller_C_0, Owner: BP_Playercontroller_C_0, UniqueId: NULL:DESKTOP-CMHHPDR-B49BB0124ED23313576B1BB681484CC9, Channels: 10, Time: 2020.03.23-14.43.25
[2020.03.23-14.43.25:386][182]LogNet: UChannel::Close: Sending CloseBunch. ChIndex == 0. Name: [UChannel] ChIndex: 0, Closing: 0 [UNetConnection] RemoteAddr: 127.0.0.1:17777, Name: IpConnection_0, Driver: GameNetDriver IpNetDriver_1, IsServer: NO, PC: BP_Playercontroller_C_0, Owner: BP_Playercontroller_C_0, UniqueId: NULL:DESKTOP-CMHHPDR-B49BB0124ED23313576B1BB681484CC9
[2020.03.23-14.43.25:386][182]LogExit: GameNetDriver IpNetDriver_1 shut down
[2020.03.23-14.43.25:386][182]LogWorld: BeginTearingDown for /Game/Levels/UEDPIE_1_L_Test
[2020.03.23-14.43.25:386][182]LogAudioMixer: Display: No commands were queued while flushing the source manager.
[2020.03.23-14.43.25:387][182]LogWorld: UWorld::CleanupWorld for L_Test, bSessionEnded=true, bCleanupResources=true
[2020.03.23-14.43.25:387][182]LogSlate: InvalidateAllWidgets triggered.  All widgets were invalidated
[2020.03.23-14.43.25:387][182]LogNet: World NetDriver shutdown IpNetDriver_0 [GameNetDriver]
[2020.03.23-14.43.25:387][182]LogNet: DestroyNamedNetDriver IpNetDriver_0 [GameNetDriver]
[2020.03.23-14.43.25:387][182]LogNet: UNetConnection::Cleanup: Closing open connection. [UNetConnection] RemoteAddr: 127.0.0.1:55559, Name: IpConnection_3, Driver: GameNetDriver IpNetDriver_0, IsServer: YES, PC: BP_Playercontroller_C_1, Owner: BP_Playercontroller_C_1, UniqueId: NULL:DESKTOP-CMHHPDR-6DDD19B4473150D9812C7AB0F4FC4A2B
[2020.03.23-14.43.25:387][182]LogNet: UNetConnection::Close: [UNetConnection] RemoteAddr: 127.0.0.1:55559, Name: IpConnection_3, Driver: GameNetDriver IpNetDriver_0, IsServer: YES, PC: BP_Playercontroller_C_1, Owner: BP_Playercontroller_C_1, UniqueId: NULL:DESKTOP-CMHHPDR-6DDD19B4473150D9812C7AB0F4FC4A2B, Channels: 10, Time: 2020.03.23-14.43.25
[2020.03.23-14.43.25:387][182]LogNet: UChannel::Close: Sending CloseBunch. ChIndex == 0. Name: [UChannel] ChIndex: 0, Closing: 0 [UNetConnection] RemoteAddr: 127.0.0.1:55559, Name: IpConnection_3, Driver: GameNetDriver IpNetDriver_0, IsServer: YES, PC: BP_Playercontroller_C_1, Owner: BP_Playercontroller_C_1, UniqueId: NULL:DESKTOP-CMHHPDR-6DDD19B4473150D9812C7AB0F4FC4A2B
[2020.03.23-14.43.25:387][182]LogNet: UNetConnection::Cleanup: Closing open connection. [UNetConnection] RemoteAddr: 127.0.0.1:55558, Name: IpConnection_2, Driver: GameNetDriver IpNetDriver_0, IsServer: YES, PC: BP_Playercontroller_C_0, Owner: BP_Playercontroller_C_0, UniqueId: NULL:DESKTOP-CMHHPDR-B49BB0124ED23313576B1BB681484CC9
[2020.03.23-14.43.25:387][182]LogNet: UNetConnection::Close: [UNetConnection] RemoteAddr: 127.0.0.1:55558, Name: IpConnection_2, Driver: GameNetDriver IpNetDriver_0, IsServer: YES, PC: BP_Playercontroller_C_0, Owner: BP_Playercontroller_C_0, UniqueId: NULL:DESKTOP-CMHHPDR-B49BB0124ED23313576B1BB681484CC9, Channels: 10, Time: 2020.03.23-14.43.25
[2020.03.23-14.43.25:387][182]LogNet: UChannel::Close: Sending CloseBunch. ChIndex == 0. Name: [UChannel] ChIndex: 0, Closing: 0 [UNetConnection] RemoteAddr: 127.0.0.1:55558, Name: IpConnection_2, Driver: GameNetDriver IpNetDriver_0, IsServer: YES, PC: BP_Playercontroller_C_0, Owner: BP_Playercontroller_C_0, UniqueId: NULL:DESKTOP-CMHHPDR-B49BB0124ED23313576B1BB681484CC9
[2020.03.23-14.43.25:388][182]LogExit: GameNetDriver IpNetDriver_0 shut down
[2020.03.23-14.43.25:388][182]LogPlayLevel: Display: Shutting down PIE online subsystems
[2020.03.23-14.43.25:400][182]LogSlate: InvalidateAllWidgets triggered.  All widgets were invalidated
[2020.03.23-14.43.25:448][182]LogAudioMixer: Display: No commands were queued while flushing the source manager.
[2020.03.23-14.43.25:459][182]LogUObjectHash: Compacting FUObjectHashTables data took   5.74ms
[2020.03.23-14.43.25:486][183]LogPlayLevel: Display: Destroying online subsystem :Context_6
[2020.03.23-14.43.25:486][183]LogPlayLevel: Display: Destroying online subsystem :Context_5
[2020.03.23-14.43.25:486][183]LogPlayLevel: Display: Destroying online subsystem :Context_4
